This is pdfTeX, Version 3.1415926-2.5-1.40.14 (TeX Live 2013/Debian) (format=pdflatex 2016.6.11)  11 JUN 2016 06:34
entering extended mode
 restricted \write18 enabled.
 %&-line parsing enabled.
**main.tex
(./main.tex
LaTeX2e <2011/06/27>
Babel <3.9h> and hyphenation patterns for 8 languages loaded.
(/usr/share/texlive/texmf-dist/tex/latex/base/book.cls
Document Class: book 2007/10/19 v1.4h Standard LaTeX document class
(/usr/share/texlive/texmf-dist/tex/latex/base/bk12.clo
File: bk12.clo 2007/10/19 v1.4h Standard LaTeX file (size option)
)
\c@part=\count79
\c@chapter=\count80
\c@section=\count81
\c@subsection=\count82
\c@subsubsection=\count83
\c@paragraph=\count84
\c@subparagraph=\count85
\c@figure=\count86
\c@table=\count87
\abovecaptionskip=\skip41
\belowcaptionskip=\skip42
\bibindent=\dimen102
)
(/usr/share/texlive/texmf-dist/tex/latex/base/inputenc.sty
Package: inputenc 2008/03/30 v1.1d Input encoding file
\inpenc@prehook=\toks14
\inpenc@posthook=\toks15

(/usr/share/texlive/texmf-dist/tex/latex/ucs/utf8x.def
File: utf8x.def 2004/10/17 UCS: Input encoding UTF-8
))
(/usr/share/texlive/texmf-dist/tex/latex/ucs/ucs.sty
Package: ucs 2013/05/11 v2.2 UCS: Unicode input support

(/usr/share/texlive/texmf-dist/tex/latex/ucs/data/uni-global.def
File: uni-global.def 2013/05/13 UCS: Unicode global data
)
\uc@secondtry=\count88
\uc@combtoks=\toks16
\uc@combtoksb=\toks17
\uc@temptokena=\toks18
)
(/usr/share/texlive/texmf-dist/tex/latex/base/fontenc.sty
Package: fontenc 2005/09/27 v1.99g Standard LaTeX package

(/usr/share/texlive/texmf-dist/tex/latex/base/t1enc.def
File: t1enc.def 2005/09/27 v1.99g Standard LaTeX file
LaTeX Font Info:    Redeclaring font encoding T1 on input line 43.
))
(/usr/share/texlive/texmf-dist/tex/latex/float/float.sty
Package: float 2001/11/08 v1.3d Float enhancements (AL)
\c@float@type=\count89
\float@exts=\toks19
\float@box=\box26
\@float@everytoks=\toks20
\@floatcapt=\box27
)
(/usr/share/texlive/texmf-dist/tex/latex/lastpage/lastpage.sty
Package: lastpage 2013/01/28 v1.2l Refers to last page's name (HMM; JPG)
)
(/usr/share/texlive/texmf-dist/tex/generic/babel/babel.sty
Package: babel 2013/12/03 3.9h The Babel package

(/usr/share/texlive/texmf-dist/tex/generic/babel-french/frenchb.ldf
Language: frenchb 2013/12/30 v2.6g French support from the babel system

(/usr/share/texlive/texmf-dist/tex/generic/babel/babel.def
File: babel.def 2013/12/03 3.9h Babel common definitions
\babel@savecnt=\count90
\U@D=\dimen103
)
\FB@interchartokenstateORI=\count91
Package babel Info: Making : an active character on input line 244.
Package babel Info: Making ; an active character on input line 245.
Package babel Info: Making ! an active character on input line 246.
Package babel Info: Making ? an active character on input line 247.
\FB@Mht=\dimen104
\std@mcc=\count92
\dec@mcc=\count93
\listindentFB=\skip43
\labelwidthFB=\skip44
\leftmarginFB=\skip45
\parindentFFN=\dimen105
))
(/usr/share/texlive/texmf-dist/tex/latex/carlisle/scalefnt.sty)
(/usr/share/texlive/texmf-dist/tex/latex/graphics/keyval.sty
Package: keyval 1999/03/16 v1.13 key=value parser (DPC)
\KV@toks@=\toks21
)
(/usr/share/texlive/texmf-dist/tex/latex/amsmath/amsmath.sty
Package: amsmath 2013/01/14 v2.14 AMS math features
\@mathmargin=\skip46

For additional information on amsmath, use the `?' option.
(/usr/share/texlive/texmf-dist/tex/latex/amsmath/amstext.sty
Package: amstext 2000/06/29 v2.01

(/usr/share/texlive/texmf-dist/tex/latex/amsmath/amsgen.sty
File: amsgen.sty 1999/11/30 v2.0
\@emptytoks=\toks22
\ex@=\dimen106
))
(/usr/share/texlive/texmf-dist/tex/latex/amsmath/amsbsy.sty
Package: amsbsy 1999/11/29 v1.2d
\pmbraise@=\dimen107
)
(/usr/share/texlive/texmf-dist/tex/latex/amsmath/amsopn.sty
Package: amsopn 1999/12/14 v2.01 operator names
)
\inf@bad=\count94
LaTeX Info: Redefining \frac on input line 210.
\uproot@=\count95
\leftroot@=\count96
LaTeX Info: Redefining \overline on input line 306.
\classnum@=\count97
\DOTSCASE@=\count98
LaTeX Info: Redefining \ldots on input line 378.
LaTeX Info: Redefining \dots on input line 381.
LaTeX Info: Redefining \cdots on input line 466.
\Mathstrutbox@=\box28
\strutbox@=\box29
\big@size=\dimen108
LaTeX Font Info:    Redeclaring font encoding OML on input line 566.
LaTeX Font Info:    Redeclaring font encoding OMS on input line 567.
\macc@depth=\count99
\c@MaxMatrixCols=\count100
\dotsspace@=\muskip10
\c@parentequation=\count101
\dspbrk@lvl=\count102
\tag@help=\toks23
\row@=\count103
\column@=\count104
\maxfields@=\count105
\andhelp@=\toks24
\eqnshift@=\dimen109
\alignsep@=\dimen110
\tagshift@=\dimen111
\tagwidth@=\dimen112
\totwidth@=\dimen113
\lineht@=\dimen114
\@envbody=\toks25
\multlinegap=\skip47
\multlinetaggap=\skip48
\mathdisplay@stack=\toks26
LaTeX Info: Redefining \[ on input line 2665.
LaTeX Info: Redefining \] on input line 2666.
)
(/usr/share/texlive/texmf-dist/tex/latex/pdfpages/pdfpages.sty
Package: pdfpages 2013/08/25 v0.4v Insert pages of external PDF documents (AM)

(/usr/share/texlive/texmf-dist/tex/latex/base/ifthen.sty
Package: ifthen 2001/05/26 v1.1c Standard LaTeX ifthen package (DPC)
)
(/usr/share/texlive/texmf-dist/tex/latex/tools/calc.sty
Package: calc 2007/08/22 v4.3 Infix arithmetic (KKT,FJ)
\calc@Acount=\count106
\calc@Bcount=\count107
\calc@Adimen=\dimen115
\calc@Bdimen=\dimen116
\calc@Askip=\skip49
\calc@Bskip=\skip50
LaTeX Info: Redefining \setlength on input line 76.
LaTeX Info: Redefining \addtolength on input line 77.
\calc@Ccount=\count108
\calc@Cskip=\skip51
)
(/usr/share/texlive/texmf-dist/tex/latex/eso-pic/eso-pic.sty
Package: eso-pic 2013/10/06 v2.0d eso-pic (RN)

(/usr/share/texlive/texmf-dist/tex/generic/oberdiek/atbegshi.sty
Package: atbegshi 2011/10/05 v1.16 At begin shipout hook (HO)

(/usr/share/texlive/texmf-dist/tex/generic/oberdiek/infwarerr.sty
Package: infwarerr 2010/04/08 v1.3 Providing info/warning/error messages (HO)
)
(/usr/share/texlive/texmf-dist/tex/generic/oberdiek/ltxcmds.sty
Package: ltxcmds 2011/11/09 v1.22 LaTeX kernel commands for general use (HO)
)
(/usr/share/texlive/texmf-dist/tex/generic/oberdiek/ifpdf.sty
Package: ifpdf 2011/01/30 v2.3 Provides the ifpdf switch (HO)
Package ifpdf Info: pdfTeX in PDF mode is detected.
))
(/usr/share/texmf/tex/latex/xcolor/xcolor.sty
Package: xcolor 2007/01/21 v2.11 LaTeX color extensions (UK)

(/usr/share/texlive/texmf-dist/tex/latex/latexconfig/color.cfg
File: color.cfg 2007/01/18 v1.5 color configuration of teTeX/TeXLive
)
Package xcolor Info: Driver file: pdftex.def on input line 225.

(/usr/share/texlive/texmf-dist/tex/latex/pdftex-def/pdftex.def
File: pdftex.def 2011/05/27 v0.06d Graphics/color for pdfTeX
\Gread@gobject=\count109
)
Package xcolor Info: Model `cmy' substituted by `cmy0' on input line 1337.
Package xcolor Info: Model `hsb' substituted by `rgb' on input line 1341.
Package xcolor Info: Model `RGB' extended on input line 1353.
Package xcolor Info: Model `HTML' substituted by `rgb' on input line 1355.
Package xcolor Info: Model `Hsb' substituted by `hsb' on input line 1356.
Package xcolor Info: Model `tHsb' substituted by `hsb' on input line 1357.
Package xcolor Info: Model `HSB' substituted by `hsb' on input line 1358.
Package xcolor Info: Model `Gray' substituted by `gray' on input line 1359.
Package xcolor Info: Model `wave' substituted by `hsb' on input line 1360.
))
(/usr/share/texlive/texmf-dist/tex/latex/graphics/graphicx.sty
Package: graphicx 1999/02/16 v1.0f Enhanced LaTeX Graphics (DPC,SPQR)

(/usr/share/texlive/texmf-dist/tex/latex/graphics/graphics.sty
Package: graphics 2009/02/05 v1.0o Standard LaTeX Graphics (DPC,SPQR)

(/usr/share/texlive/texmf-dist/tex/latex/graphics/trig.sty
Package: trig 1999/03/16 v1.09 sin cos tan (DPC)
)
(/usr/share/texlive/texmf-dist/tex/latex/latexconfig/graphics.cfg
File: graphics.cfg 2010/04/23 v1.9 graphics configuration of TeX Live
)
Package graphics Info: Driver file: pdftex.def on input line 91.
)
\Gin@req@height=\dimen117
\Gin@req@width=\dimen118
)
(/usr/share/texlive/texmf-dist/tex/latex/pdfpages/pppdftex.def
File: pppdftex.def 2013/08/25 v0.4v Pdfpages driver for pdfTeX (AM)
)
\AM@pagebox=\box30
\AM@toc@title=\toks27
\c@AM@survey=\count110
\AM@templatesizebox=\box31
)
(/usr/share/texmf/tex/latex/lm/lmodern.sty
Package: lmodern 2009/10/30 v1.6 Latin Modern Fonts
LaTeX Font Info:    Overwriting symbol font `operators' in version `normal'
(Font)                  OT1/cmr/m/n --> OT1/lmr/m/n on input line 22.
LaTeX Font Info:    Overwriting symbol font `letters' in version `normal'
(Font)                  OML/cmm/m/it --> OML/lmm/m/it on input line 23.
LaTeX Font Info:    Overwriting symbol font `symbols' in version `normal'
(Font)                  OMS/cmsy/m/n --> OMS/lmsy/m/n on input line 24.
LaTeX Font Info:    Overwriting symbol font `largesymbols' in version `normal'
(Font)                  OMX/cmex/m/n --> OMX/lmex/m/n on input line 25.
LaTeX Font Info:    Overwriting symbol font `operators' in version `bold'
(Font)                  OT1/cmr/bx/n --> OT1/lmr/bx/n on input line 26.
LaTeX Font Info:    Overwriting symbol font `letters' in version `bold'
(Font)                  OML/cmm/b/it --> OML/lmm/b/it on input line 27.
LaTeX Font Info:    Overwriting symbol font `symbols' in version `bold'
(Font)                  OMS/cmsy/b/n --> OMS/lmsy/b/n on input line 28.
LaTeX Font Info:    Overwriting symbol font `largesymbols' in version `bold'
(Font)                  OMX/cmex/m/n --> OMX/lmex/m/n on input line 29.
LaTeX Font Info:    Overwriting math alphabet `\mathbf' in version `normal'
(Font)                  OT1/cmr/bx/n --> OT1/lmr/bx/n on input line 31.
LaTeX Font Info:    Overwriting math alphabet `\mathsf' in version `normal'
(Font)                  OT1/cmss/m/n --> OT1/lmss/m/n on input line 32.
LaTeX Font Info:    Overwriting math alphabet `\mathit' in version `normal'
(Font)                  OT1/cmr/m/it --> OT1/lmr/m/it on input line 33.
LaTeX Font Info:    Overwriting math alphabet `\mathtt' in version `normal'
(Font)                  OT1/cmtt/m/n --> OT1/lmtt/m/n on input line 34.
LaTeX Font Info:    Overwriting math alphabet `\mathbf' in version `bold'
(Font)                  OT1/cmr/bx/n --> OT1/lmr/bx/n on input line 35.
LaTeX Font Info:    Overwriting math alphabet `\mathsf' in version `bold'
(Font)                  OT1/cmss/bx/n --> OT1/lmss/bx/n on input line 36.
LaTeX Font Info:    Overwriting math alphabet `\mathit' in version `bold'
(Font)                  OT1/cmr/bx/it --> OT1/lmr/bx/it on input line 37.
LaTeX Font Info:    Overwriting math alphabet `\mathtt' in version `bold'
(Font)                  OT1/cmtt/m/n --> OT1/lmtt/m/n on input line 38.
)
(/usr/share/texlive/texmf-dist/tex/latex/base/fontenc.sty
Package: fontenc 2005/09/27 v1.99g Standard LaTeX package

(/usr/share/texlive/texmf-dist/tex/latex/base/t1enc.def
File: t1enc.def 2005/09/27 v1.99g Standard LaTeX file
LaTeX Font Info:    Redeclaring font encoding T1 on input line 43.
))
(/usr/share/texlive/texmf-dist/tex/latex/amsfonts/amsfonts.sty
Package: amsfonts 2013/01/14 v3.01 Basic AMSFonts support
\symAMSa=\mathgroup4
\symAMSb=\mathgroup5
LaTeX Font Info:    Overwriting math alphabet `\mathfrak' in version `bold'
(Font)                  U/euf/m/n --> U/euf/b/n on input line 106.
)
(/usr/share/texlive/texmf-dist/tex/latex/tools/enumerate.sty
Package: enumerate 1999/03/05 v3.00 enumerate extensions (DPC)
\@enLab=\toks28
)
(/usr/share/texlive/texmf-dist/tex/latex/amsfonts/amssymb.sty
Package: amssymb 2013/01/14 v3.01 AMS font symbols
)
(/usr/share/texlive/texmf-dist/tex/latex/base/makeidx.sty
Package: makeidx 2000/03/29 v1.0m Standard LaTeX package
)
(/usr/share/texlive/texmf-dist/tex/latex/tools/array.sty
Package: array 2008/09/09 v2.4c Tabular extension package (FMi)
\col@sep=\dimen119
\extrarowheight=\dimen120
\NC@list=\toks29
\extratabsurround=\skip52
\backup@length=\skip53
)
(/usr/share/texlive/texmf-dist/tex/latex/multirow/multirow.sty
\bigstrutjot=\dimen121
)
(./algorithme.sty
Package: algorithme 
\@float@every@algorithmfloat=\toks30
\c@algorithmfloat=\count111
\alglength=\skip54
)
(/usr/share/texlive/texmf-dist/tex/latex/algorithmicx/algorithmicx.sty
Package: algorithmicx 2005/04/27 v1.2 Algorithmicx

Document Style algorithmicx 1.2 - a greatly improved `algorithmic' style
\c@ALG@line=\count112
\c@ALG@rem=\count113
\c@ALG@nested=\count114
\ALG@tlm=\skip55
\ALG@thistlm=\skip56
\c@ALG@Lnr=\count115
\c@ALG@blocknr=\count116
\c@ALG@storecount=\count117
\c@ALG@tmpcounter=\count118
\ALG@tmplength=\skip57
) (/usr/share/texlive/texmf-dist/tex/latex/setspace/setspace.sty
Package: setspace 2011/12/19 v6.7a set line spacing
)
(/usr/share/texlive/texmf-dist/tex/latex/minitoc/minitoc.sty
Package: minitoc 2008/07/16 v60 Package minitoc (JPFD)

(/usr/share/texlive/texmf-dist/tex/latex/minitoc/mtcmess.sty
Package: mtcmess 2006/03/14
)
Package minitoc Info: I0001
(minitoc)             *** minitoc package, version 60 ***.
\tf@mtc=\write3
\mtcindent=\skip58
\mtcskipamount=\skip59
Package minitoc Info: I0005
(minitoc)             compatible with hyperref.
Package minitoc Info: I0023
(minitoc)             part level macros available.
Package minitoc Info: I0003
(minitoc)             chapter level macros available.
\mtc@toks=\toks31
\mtc@strutbox=\box32
\mtc@hstrutbox=\box33
Package minitoc Info: I0002
(minitoc)             Autoconfiguration of extensions.
\openout3 = `main.mtc0'.

\openout3 = `main.mtc'.

 (./main.mtc0)
Package minitoc Info: I0012
(minitoc)             Long extensions (Unix-like) will be used.
Package minitoc Info: I0031
(minitoc)             ==> this version is configured for UNIX-like 
(minitoc)                 (long extensions) file names.
\openout3 = `main.mtc'.

\openout3 = `main.mtc0'.

\c@mtc=\count119
\c@minitocdepth=\count120
\c@ptc=\count121
\c@parttocdepth=\count122
\ptcindent=\skip60
Package minitoc Info: I0010
(minitoc)             The english language is selected.
(minitoc)              on input line 4910.

(/usr/share/texlive/texmf-dist/tex/latex/minitoc/english.mld
File: english.mld 2006/01/13
)
(/usr/share/texlive/texmf-dist/tex/latex/minitoc/english.mld
File: english.mld 2006/01/13
))
(/usr/share/texlive/texmf-dist/tex/latex/lettrine/lettrine.sty
File: lettrine.sty 2013/03/14 v1.64 (Daniel Flipo)
\c@DefaultLines=\count123
\DefaultFindent=\dimen122
\DefaultNindent=\dimen123
\DefaultSlope=\dimen124
\L@lbox=\box34
\L@tbox=\box35
\c@L@lines=\count124
\L@Pindent=\dimen125
\L@Findent=\dimen126
\L@Nindent=\dimen127
\L@lraise=\dimen128
\L@first=\dimen129
\L@next=\dimen130
\L@slope=\dimen131
\L@height=\dimen132
\LettrineWidth=\dimen133

Loading lettrine.cfg
(/usr/share/texlive/texmf-dist/tex/latex/lettrine/lettrine.cfg))
(/usr/share/texlive/texmf-dist/tex/latex/titlesec/titlesec.sty
Package: titlesec 2011/12/15 v2.10.0 Sectioning titles
\ttl@box=\box36
\beforetitleunit=\skip61
\aftertitleunit=\skip62
\ttl@plus=\dimen134
\ttl@minus=\dimen135
\ttl@toksa=\toks32
\titlewidth=\dimen136
\titlewidthlast=\dimen137
\titlewidthfirst=\dimen138
)
(/usr/share/texlive/texmf-dist/tex/latex/sectsty/sectsty.sty
Package: sectsty 2002/02/25 v2.0.2 Commands to change all sectional heading sty
les
)
(/usr/share/texlive/texmf-dist/tex/latex/lipsum/lipsum.sty
Package: lipsum 2011/04/14 v1.2 150 paragraphs of Lorem Ipsum dummy text
\c@lips@count=\count125
)
(/usr/share/texlive/texmf-dist/tex/latex/caption/caption.sty
Package: caption 2013/05/02 v3.3-89 Customizing captions (AR)

(/usr/share/texlive/texmf-dist/tex/latex/caption/caption3.sty
Package: caption3 2013/05/02 v1.6-88 caption3 kernel (AR)
Package caption3 Info: TeX engine: e-TeX on input line 57.
\captionmargin=\dimen139
\captionmargin@=\dimen140
\captionwidth=\dimen141
\caption@tempdima=\dimen142
\caption@indent=\dimen143
\caption@parindent=\dimen144
\caption@hangindent=\dimen145
)
\c@ContinuedFloat=\count126
Package caption Info: float package is loaded.
)
(/usr/share/texlive/texmf-dist/tex/latex/geometry/geometry.sty
Package: geometry 2010/09/12 v5.6 Page Geometry

(/usr/share/texlive/texmf-dist/tex/generic/oberdiek/ifvtex.sty
Package: ifvtex 2010/03/01 v1.5 Detect VTeX and its facilities (HO)
Package ifvtex Info: VTeX not detected.
)
(/usr/share/texlive/texmf-dist/tex/generic/ifxetex/ifxetex.sty
Package: ifxetex 2010/09/12 v0.6 Provides ifxetex conditional
)
\Gm@cnth=\count127
\Gm@cntv=\count128
\c@Gm@tempcnt=\count129
\Gm@bindingoffset=\dimen146
\Gm@wd@mp=\dimen147
\Gm@odd@mp=\dimen148
\Gm@even@mp=\dimen149
\Gm@layoutwidth=\dimen150
\Gm@layoutheight=\dimen151
\Gm@layouthoffset=\dimen152
\Gm@layoutvoffset=\dimen153
\Gm@dimlist=\toks33
)
(/usr/share/texlive/texmf-dist/tex/latex/arabtex/arabtex.sty
(/usr/share/texlive/texmf-dist/tex/latex/arabtex/aconfig.sty
LaTeX2e detected 
BABEL detected
\a@moduledate=\count130
\a@maindate=\count131
)
(/usr/share/texlive/texmf-dist/tex/latex/arabtex/arabaux.sty)
LaTeX Font Info:    Try loading font information for T1+lmr on input line 551.

(/usr/share/texmf/tex/latex/lm/t1lmr.fd)
(/usr/share/texlive/texmf-dist/tex/latex/arabtex/acmd.sty)
(/usr/share/texlive/texmf-dist/tex/latex/arabtex/afonts.sty
(/usr/share/texlive/texmf-dist/tex/latex/arabtex/afonts2.sty))
(/usr/share/texlive/texmf-dist/tex/latex/arabtex/ascan.sty
(ArabTeX) scanner for code `arabtex' installed.
(ArabTeX) input encoding set to ArabTeX standard conventions.)
(/usr/share/texlive/texmf-dist/tex/latex/arabtex/aparse.sty)
(/usr/share/texlive/texmf-dist/tex/latex/arabtex/awrite.sty
(/usr/share/texlive/texmf-dist/tex/latex/arabtex/xarbsymb.sty)
(/usr/share/texlive/texmf-dist/tex/latex/arabtex/arabskel.sty)
(/usr/share/texlive/texmf-dist/tex/latex/arabtex/xarbskel.sty)
(/usr/share/texlive/texmf-dist/tex/latex/arabtex/aboxes.sty)
(/usr/share/texlive/texmf-dist/tex/latex/arabtex/arabtoks.sty)
(/usr/share/texlive/texmf-dist/tex/latex/arabtex/arabchrs.sty))
(/usr/share/texlive/texmf-dist/tex/latex/arabtex/aligs.sty)
(/usr/share/texlive/texmf-dist/tex/latex/arabtex/aoutput.sty)
(/usr/share/texlive/texmf-dist/tex/latex/arabtex/abidir.sty)
(/usr/share/texlive/texmf-dist/tex/latex/arabtex/atrans.sty
(ArabTeX) ZDMG transliteration.)
(/usr/share/texlive/texmf-dist/tex/latex/arabtex/alatex.sty
(/usr/share/texlive/texmf-dist/tex/latex/arabtex/afoot.sty))
(/usr/share/texlive/texmf-dist/tex/latex/arabtex/abjad.sty)
(/usr/share/texlive/texmf-dist/tex/latex/arabtex/apatch.sty
(/usr/share/texlive/texmf-dist/tex/latex/arabtex/alists.sty)
(/usr/share/texlive/texmf-dist/tex/latex/arabtex/asect.sty)
(/usr/share/texlive/texmf-dist/tex/latex/arabtex/atabg.sty)
(/usr/share/texlive/texmf-dist/tex/latex/arabtex/alocal.sty
(ArabTeX) 3.11 local stub, 26.02.2006))
Arabic processor `ArabTeX' [20060702 patch level 3.11s (02.07.2006)]
(ArabTeX) ... now be patient ... )
(/usr/share/texlive/texmf-dist/tex/latex/arabtex/utf8.sty
(/usr/share/texlive/texmf-dist/tex/latex/arabtex/utfcode.sty
Package: utfcode 2002/03/07  3.10a Arabic+Hebrew segment of UTF-8
\u@lb=\count161
\u@lq=\count162
)
Package: utf8 2000/06/13  3.10 UTF-8 input encoding 

(ArabTeX) scanner for code UTF-8 installed.)
(/usr/share/texlive/texmf-dist/tex/latex/fncychap/fncychap.sty
Package: fncychap 2007/07/30 v1.34 LaTeX package (Revised chapters)
\RW=\skip65
\mylen=\skip66
\myhi=\skip67
\px=\skip68
\py=\skip69
\pyy=\skip70
\pxx=\skip71
\backskip=\skip72
)
(/usr/share/texlive/texmf-dist/tex/latex/fancyhdr/fancyhdr.sty
\fancy@headwidth=\skip73
\f@ncyO@elh=\skip74
\f@ncyO@erh=\skip75
\f@ncyO@olh=\skip76
\f@ncyO@orh=\skip77
\f@ncyO@elf=\skip78
\f@ncyO@erf=\skip79
\f@ncyO@olf=\skip80
\f@ncyO@orf=\skip81
) (./main.aux
(./Chapters/remerciement.aux) (./Chapters/abstract.aux)
(./Chapters/Introduction.aux) (./Chapters/Chapter1.aux

LaTeX Warning: Label `fig:Electron' multiply defined.


LaTeX Warning: Label `fig:Electron' multiply defined.


LaTeX Warning: Label `fig:Electron' multiply defined.


LaTeX Warning: Label `fig:Electron' multiply defined.


LaTeX Warning: Label `fig:Electron' multiply defined.


LaTeX Warning: Label `fig:Electron' multiply defined.

) (./Chapters/Chapter2.aux

LaTeX Warning: Label `fig:Electron' multiply defined.


LaTeX Warning: Label `fig:Electron' multiply defined.


LaTeX Warning: Label `fig:Electron' multiply defined.


LaTeX Warning: Label `fig:Electron' multiply defined.


LaTeX Warning: Label `fig:Electron' multiply defined.


LaTeX Warning: Label `fig:Electron' multiply defined.


LaTeX Warning: Label `fig:Electron' multiply defined.


LaTeX Warning: Label `fig:Electron' multiply defined.


LaTeX Warning: Label `fig:Electron' multiply defined.


LaTeX Warning: Label `fig:Electron' multiply defined.


LaTeX Warning: Label `fig:Electron' multiply defined.


LaTeX Warning: Label `fig:Electron' multiply defined.

) (./Chapters/Chapter3.aux

LaTeX Warning: Label `fig:Electron' multiply defined.


LaTeX Warning: Label `fig:Electron' multiply defined.


LaTeX Warning: Label `fig:Electron' multiply defined.


LaTeX Warning: Label `fig:Electron' multiply defined.


LaTeX Warning: Label `fig:Electron' multiply defined.


LaTeX Warning: Label `fig:Electron' multiply defined.


LaTeX Warning: Label `fig:Electron' multiply defined.


LaTeX Warning: Label `fig:Electron' multiply defined.


LaTeX Warning: Label `fig:Electron' multiply defined.


LaTeX Warning: Label `fig:Electron' multiply defined.


LaTeX Warning: Label `fig:Electron' multiply defined.


LaTeX Warning: Label `fig:Electron' multiply defined.


LaTeX Warning: Label `fig:Electron' multiply defined.


LaTeX Warning: Label `fig:Electron' multiply defined.


LaTeX Warning: Label `fig:Electron' multiply defined.


LaTeX Warning: Label `fig:Electron' multiply defined.


LaTeX Warning: Label `fig:Electron' multiply defined.


LaTeX Warning: Label `fig:Electron' multiply defined.

) (./Chapters/Chapter4.aux

LaTeX Warning: Label `fig:Electron' multiply defined.


LaTeX Warning: Label `fig:Electron' multiply defined.


LaTeX Warning: Label `fig:Electron' multiply defined.


LaTeX Warning: Label `fig:Electron' multiply defined.


LaTeX Warning: Label `fig:Electron' multiply defined.


LaTeX Warning: Label `fig:Electron' multiply defined.


LaTeX Warning: Label `fig:Electron' multiply defined.

) (./Chapters/Conclusion.aux) (./Chapters/Ref.aux))
\openout1 = `main.aux'.

LaTeX Font Info:    Checking defaults for OML/cmm/m/it on input line 89.
LaTeX Font Info:    ... okay on input line 89.
LaTeX Font Info:    Checking defaults for T1/cmr/m/n on input line 89.
LaTeX Font Info:    ... okay on input line 89.
LaTeX Font Info:    Checking defaults for OT1/cmr/m/n on input line 89.
LaTeX Font Info:    ... okay on input line 89.
LaTeX Font Info:    Checking defaults for OMS/cmsy/m/n on input line 89.
LaTeX Font Info:    ... okay on input line 89.
LaTeX Font Info:    Checking defaults for OMX/cmex/m/n on input line 89.
LaTeX Font Info:    ... okay on input line 89.
LaTeX Font Info:    Checking defaults for U/cmr/m/n on input line 89.
LaTeX Font Info:    ... okay on input line 89.

(/usr/share/texlive/texmf-dist/tex/latex/ucs/ucsencs.def
File: ucsencs.def 2011/01/21 Fixes to fontencodings LGR, T3
)
Package lastpage Info: Please have a look at the pageslts package at
(lastpage)             http://www.ctan.org/tex-archive/ 
(lastpage)             macros/latex/contrib/pageslts/ 
(lastpage)             or
(lastpage)             http://www.ctan.org/tex-archive/ 
(lastpage)             install/macros/latex/contrib/pageslts.tds.zip
(lastpage)             ! on input line 89.
LaTeX Info: Redefining \degres on input line 89.
LaTeX Info: Redefining \dots on input line 89.


Package frenchb.ldf Warning: Setting StandardEnumerateEnv=true for
(frenchb.ldf)                compatibility with enumerate package,
(frenchb.ldf)                 on input line 89.

LaTeX Info: Redefining \up on input line 89.
\AtBeginShipoutBox=\box52
(/usr/share/texlive/texmf-dist/tex/context/base/supp-pdf.mkii
[Loading MPS to PDF converter (version 2006.09.02).]
\scratchcounter=\count163
\scratchdimen=\dimen176
\scratchbox=\box53
\nofMPsegments=\count164
\nofMParguments=\count165
\everyMPshowfont=\toks54
\MPscratchCnt=\count166
\MPscratchDim=\dimen177
\MPnumerator=\count167
\makeMPintoPDFobject=\count168
\everyMPtoPDFconversion=\toks55
) (/usr/share/texlive/texmf-dist/tex/generic/oberdiek/pdftexcmds.sty
Package: pdftexcmds 2011/11/29 v0.20 Utility functions of pdfTeX for LuaTeX (HO
)

(/usr/share/texlive/texmf-dist/tex/generic/oberdiek/ifluatex.sty
Package: ifluatex 2010/03/01 v1.3 Provides the ifluatex switch (HO)
Package ifluatex Info: LuaTeX not detected.
)
Package pdftexcmds Info: LuaTeX not detected.
Package pdftexcmds Info: \pdf@primitive is available.
Package pdftexcmds Info: \pdf@ifprimitive is available.
Package pdftexcmds Info: \pdfdraftmode found.
)
(/usr/share/texlive/texmf-dist/tex/latex/oberdiek/epstopdf-base.sty
Package: epstopdf-base 2010/02/09 v2.5 Base part for package epstopdf

(/usr/share/texlive/texmf-dist/tex/latex/oberdiek/grfext.sty
Package: grfext 2010/08/19 v1.1 Manage graphics extensions (HO)

(/usr/share/texlive/texmf-dist/tex/generic/oberdiek/kvdefinekeys.sty
Package: kvdefinekeys 2011/04/07 v1.3 Define keys (HO)
))
(/usr/share/texlive/texmf-dist/tex/latex/oberdiek/kvoptions.sty
Package: kvoptions 2011/06/30 v3.11 Key value format for package options (HO)

(/usr/share/texlive/texmf-dist/tex/generic/oberdiek/kvsetkeys.sty
Package: kvsetkeys 2012/04/25 v1.16 Key value parser (HO)

(/usr/share/texlive/texmf-dist/tex/generic/oberdiek/etexcmds.sty
Package: etexcmds 2011/02/16 v1.5 Avoid name clashes with e-TeX commands (HO)
Package etexcmds Info: Could not find \expanded.
(etexcmds)             That can mean that you are not using pdfTeX 1.50 or
(etexcmds)             that some package has redefined \expanded.
(etexcmds)             In the latter case, load this package earlier.
)))
Package grfext Info: Graphics extension search list:
(grfext)             [.png,.pdf,.jpg,.mps,.jpeg,.jbig2,.jb2,.PNG,.PDF,.JPG,.JPE
G,.JBIG2,.JB2,.eps]
(grfext)             \AppendGraphicsExtensions on input line 452.

(/usr/share/texlive/texmf-dist/tex/latex/latexconfig/epstopdf-sys.cfg
File: epstopdf-sys.cfg 2010/07/13 v1.3 Configuration of (r)epstopdf for TeX Liv
e
))
Package minitoc(hints) Info: I0049
(minitoc(hints))             ==> You requested the hints option. 
(minitoc(hints))             Some hints are eventually given below.


Package minitoc(hints) Warning: W0099
(minitoc(hints))                --- The titlesec package is loaded. 
(minitoc(hints))                It is incompatible 
(minitoc(hints))                with the minitoc package.


Package minitoc(hints) Warning: W0030
(minitoc(hints))                --- The \part command is altered 
(minitoc(hints))                after minitoc.


Package minitoc(hints) Warning: W0028
(minitoc(hints))                --- The \chapter command is altered 
(minitoc(hints))                after minitoc.

Package caption Info: Begin \AtBeginDocument code.
Package caption Info: End \AtBeginDocument code.
*geometry* driver: auto-detecting
*geometry* detected driver: pdftex
*geometry* verbose mode - [ preamble ] result:
* driver: pdftex
* paper: a4paper
* layout: <same size as paper>
* layoutoffset:(h,v)=(0.0pt,0.0pt)
* modes: twoside 
* h-part:(L,W,R)=(71.13188pt, 469.47049pt, 56.9055pt)
* v-part:(T,H,B)=(56.9055pt, 731.23584pt, 56.9055pt)
* \paperwidth=597.50787pt
* \paperheight=845.04684pt
* \textwidth=469.47049pt
* \textheight=731.23584pt
* \oddsidemargin=-1.1381pt
* \evensidemargin=-15.36449pt
* \topmargin=-47.23828pt
* \headheight=12.0pt
* \headsep=19.8738pt
* \topskip=12.0pt
* \footskip=30.0pt
* \marginparwidth=88.0pt
* \marginparsep=7.0pt
* \columnsep=10.0pt
* \skip\footins=10.8pt plus 4.0pt minus 2.0pt
* \hoffset=0.0pt
* \voffset=0.0pt
* \mag=1000
* \@twocolumnfalse
* \@twosidetrue
* \@mparswitchtrue
* \@reversemarginfalse
* (1in=72.27pt=25.4mm, 1cm=28.453pt)

(/usr/share/texlive/texmf-dist/tex/latex/arabtex/apatch.sty
\a@lines=\count169
\a@Lwidth=\dimen178
\a@displaywidth=\dimen179

(/usr/share/texlive/texmf-dist/tex/latex/arabtex/alocal.sty
(ArabTeX) 3.11 local stub, 26.02.2006)
(ArabTeX) version 3.11s (02.07.2006): second phase of patching)
(ArabTeX) input encoding set to UTF-8 conventions
LaTeX Font Info:    Try loading font information for OT1+lmr on input line 95.

(/usr/share/texmf/tex/latex/lm/ot1lmr.fd
File: ot1lmr.fd 2009/10/30 v1.6 Font defs for Latin Modern
)
LaTeX Font Info:    Try loading font information for OML+lmm on input line 95.

(/usr/share/texmf/tex/latex/lm/omllmm.fd
File: omllmm.fd 2009/10/30 v1.6 Font defs for Latin Modern
)
LaTeX Font Info:    Try loading font information for OMS+lmsy on input line 95.


(/usr/share/texmf/tex/latex/lm/omslmsy.fd
File: omslmsy.fd 2009/10/30 v1.6 Font defs for Latin Modern
)
LaTeX Font Info:    Try loading font information for OMX+lmex on input line 95.


(/usr/share/texmf/tex/latex/lm/omxlmex.fd
File: omxlmex.fd 2009/10/30 v1.6 Font defs for Latin Modern
)
LaTeX Font Info:    External font `lmex10' loaded for size
(Font)              <14.4> on input line 95.
LaTeX Font Info:    External font `lmex10' loaded for size
(Font)              <10> on input line 95.
LaTeX Font Info:    External font `lmex10' loaded for size
(Font)              <7> on input line 95.
LaTeX Font Info:    Try loading font information for U+msa on input line 95.

(/usr/share/texlive/texmf-dist/tex/latex/amsfonts/umsa.fd
File: umsa.fd 2013/01/14 v3.01 AMS symbols A
)
LaTeX Font Info:    Try loading font information for U+msb on input line 95.

(/usr/share/texlive/texmf-dist/tex/latex/amsfonts/umsb.fd
File: umsb.fd 2013/01/14 v3.01 AMS symbols B
) [1


{/var/lib/texmf/fonts/map/pdftex/updmap/pdftex.map}]
\openout2 = `Chapters/remerciement.aux'.

 (./Chapters/remerciement.tex
(/usr/share/texlive/texmf-dist/tex/latex/ucs/data/uni-0.def
File: uni-0.def 2013/05/13 UCS: Unicode data U+0000..U+00FF
)
Underfull \hbox (badness 10000) in paragraph at lines 11--12

 []


Underfull \hbox (badness 10000) in paragraph at lines 13--14

 []


Underfull \hbox (badness 10000) in paragraph at lines 15--16

 []


Underfull \hbox (badness 10000) in paragraph at lines 17--18

 []

) [1



]
\openout2 = `Chapters/abstract.aux'.

 (./Chapters/abstract.tex
Underfull \hbox (badness 10000) in paragraph at lines 14--15

 []


Underfull \hbox (badness 10000) in paragraph at lines 22--23

 []

LaTeX Font Info:    Try loading font information for U+xnsh on input line 27.
(/usr/share/texlive/texmf-dist/tex/latex/arabtex/Uxnsh.fd
File: uxnsh.fd  1999/10/19 v3.10 ArabTeX Naskh extd. font definitions
)
LaTeX Font Info:    Font shape `U/xnsh/m/n' will be
(Font)              scaled to size 35.82726pt on input line 27.
LaTeX Font Info:    Font shape `U/xnsh/m/n' will be
(Font)              scaled to size 17.28003pt on input line 31.
) [2



] (./main.toc
LaTeX Font Info:    External font `lmex10' loaded for size
(Font)              <12> on input line 6.
LaTeX Font Info:    External font `lmex10' loaded for size
(Font)              <8> on input line 6.
LaTeX Font Info:    External font `lmex10' loaded for size
(Font)              <6> on input line 6.

[3


])
\tf@toc=\write6
\openout6 = `main.toc'.

Package minitoc Info: I0024
(minitoc)             PREPARING MINITOCS FROM main.toc on input line 115.
 [4]
\openout2 = `Chapters/Introduction.aux'.

 (./Chapters/Introduction.tex
(/usr/share/texlive/texmf-dist/tex/latex/ucs/data/uni-32.def
File: uni-32.def 2013/05/13 UCS: Unicode data U+2000..U+20FF
)
Underfull \hbox (badness 10000) in paragraph at lines 11--12

 []


Underfull \hbox (badness 10000) in paragraph at lines 13--14

 []


Underfull \hbox (badness 10000) in paragraph at lines 15--16

 []

) [1



]
\openout2 = `Chapters/Chapter1.aux'.

 (./Chapters/Chapter1.tex
Chapitre 1.
<Figures/googleImage2.png, id=26, 629.35126pt x 440.64626pt>
File: Figures/googleImage2.png Graphic file (type png)

<use Figures/googleImage2.png>
Package pdftex.def Info: Figures/googleImage2.png used on input line 18.
(pdftex.def)             Requested size: 252.94499pt x 177.10255pt.

<Figures/textBasedIR.png, id=28, 667.49374pt x 543.02875pt>
File: Figures/textBasedIR.png Graphic file (type png)

<use Figures/textBasedIR.png>
Package pdftex.def Info: Figures/textBasedIR.png used on input line 27.
(pdftex.def)             Requested size: 216.81pt x 176.38281pt.
 [2



 <./Figures/googleImage2.png> <./Figures/textBasedIR.png>] <Figures/cbir.JPG, i
d=36, 874.01532pt x 569.87906pt>
File: Figures/cbir.JPG Graphic file (type jpg)

<use Figures/cbir.JPG>
Package pdftex.def Info: Figures/cbir.JPG used on input line 36.
(pdftex.def)             Requested size: 252.94499pt x 164.92155pt.
 [3 <./Figures/cbir.JPG>] [4]
<Figures/cbirMedic.jpg, id=43, 762.85pt x 642.4pt>
File: Figures/cbirMedic.jpg Graphic file (type jpg)
 <use Figures/cbirMedic.jpg>
Package pdftex.def Info: Figures/cbirMedic.jpg used on input line 105.
(pdftex.def)             Requested size: 180.67499pt x 152.14029pt.

<Figures/qbic-demo.jpg, id=44, 576.1525pt x 673.51625pt>
File: Figures/qbic-demo.jpg Graphic file (type jpg)

<use Figures/qbic-demo.jpg>
Package pdftex.def Info: Figures/qbic-demo.jpg used on input line 117.
(pdftex.def)             Requested size: 216.81pt x 253.4518pt.
 [5 <./Figures/cbirMedic.jpg>]
<Figures/lire-demo.png, id=48, 990.70125pt x 692.5875pt>
File: Figures/lire-demo.png Graphic file (type png)

<use Figures/lire-demo.png>
Package pdftex.def Info: Figures/lire-demo.png used on input line 129.
(pdftex.def)             Requested size: 289.07999pt x 202.09225pt.

Underfull \vbox (badness 10000) has occurred while \output is active []

 [6 <./Figures/qbic-demo.jpg> <./Figures/lire-demo.png>]
<Figures/fire-demo.png, id=53, 520.94624pt x 350.30875pt>
File: Figures/fire-demo.png Graphic file (type png)

<use Figures/fire-demo.png>
Package pdftex.def Info: Figures/fire-demo.png used on input line 143.
(pdftex.def)             Requested size: 361.34999pt x 242.99081pt.
) [7 <./Figures/fire-demo.png>]
\openout2 = `Chapters/Chapter2.aux'.


(./Chapters/Chapter2.tex
Chapitre 2.
<Figures/OneLearningAlgoAndreNg.jpg, id=57, 638.385pt x 428.60126pt>
File: Figures/OneLearningAlgoAndreNg.jpg Graphic file (type jpg)

<use Figures/OneLearningAlgoAndreNg.jpg>
Package pdftex.def Info: Figures/OneLearningAlgoAndreNg.jpg used on input line 
24.
(pdftex.def)             Requested size: 361.34999pt x 242.60487pt.

Underfull \vbox (badness 10000) has occurred while \output is active []

 [8



]
Underfull \hbox (badness 10000) in paragraph at lines 41--42

 []


Underfull \hbox (badness 10000) in paragraph at lines 43--44

 []


Underfull \hbox (badness 10000) in paragraph at lines 45--46

 []

[9 <./Figures/OneLearningAlgoAndreNg.jpg>]
Underfull \hbox (badness 10000) in paragraph at lines 47--48

 []


Underfull \hbox (badness 10000) in paragraph at lines 49--50

 []


Underfull \hbox (badness 10000) in paragraph at lines 51--52

 []


Underfull \hbox (badness 10000) in paragraph at lines 53--54

 []


Underfull \hbox (badness 10000) in paragraph at lines 65--66

 []


Underfull \hbox (badness 10000) in paragraph at lines 67--68

 []


Underfull \hbox (badness 10000) in paragraph at lines 69--70

 []


Underfull \hbox (badness 10000) in paragraph at lines 71--72

 []

[10] <Figures/mlp.png, id=74, 286.06876pt x 130.4875pt>
File: Figures/mlp.png Graphic file (type png)
 <use Figures/mlp.png>
Package pdftex.def Info: Figures/mlp.png used on input line 83.
(pdftex.def)             Requested size: 216.81pt x 98.89674pt.

Underfull \hbox (badness 10000) in paragraph at lines 100--101

 []

[11 <./Figures/mlp.png>]
Underfull \hbox (badness 10000) in paragraph at lines 102--103

 []


Underfull \hbox (badness 10000) in paragraph at lines 104--105

 []

<Figures/image024.png, id=80, 402.50375pt x 293.095pt>
File: Figures/image024.png Graphic file (type png)

<use Figures/image024.png>
Package pdftex.def Info: Figures/image024.png used on input line 109.
(pdftex.def)             Requested size: 216.81pt x 157.87537pt.
 [12 <./Figures/image024.png>]
<Figures/highVariation.jpg, id=85, 1003.75pt x 1420.30624pt>
File: Figures/highVariation.jpg Graphic file (type jpg)

<use Figures/highVariation.jpg>
Package pdftex.def Info: Figures/highVariation.jpg used on input line 129.
(pdftex.def)             Requested size: 216.81pt x 306.76857pt.

Underfull \vbox (badness 2913) has occurred while \output is active []

 [13 <./Figures/highVariation.jpg>]
(/usr/share/texlive/texmf-dist/tex/latex/ucs/data/uni-1.def
File: uni-1.def 2013/05/13 UCS: Unicode data U+0100..U+01FF
)
<Figures/Mylenet.png, id=89, 544.1931pt x 127.1952pt>
File: Figures/Mylenet.png Graphic file (type png)

<use Figures/Mylenet.png>
Package pdftex.def Info: Figures/Mylenet.png used on input line 158.
(pdftex.def)             Requested size: 361.34999pt x 84.45952pt.

<Figures/convExample.png, id=90, 238.39063pt x 65.24374pt>
File: Figures/convExample.png Graphic file (type png)

<use Figures/convExample.png>
Package pdftex.def Info: Figures/convExample.png used on input line 172.
(pdftex.def)             Requested size: 361.34999pt x 98.90172pt.

Underfull \vbox (badness 1888) has occurred while \output is active []

 [14 <./Figures/Mylenet.png>] <Figures/zero-padding.png, id=96, 768.8725pt x 38
0.42125pt>
File: Figures/zero-padding.png Graphic file (type png)

<use Figures/zero-padding.png>
Package pdftex.def Info: Figures/zero-padding.png used on input line 188.
(pdftex.def)             Requested size: 361.34999pt x 178.79219pt.
 [15 <./Figures/convExample.png> <./Figures/zero-padding.png>] <Figures/maxpool
.jpeg, id=101, 789.95125pt x 369.38pt>
File: Figures/maxpool.jpeg Graphic file (type jpg)

<use Figures/maxpool.jpeg>
Package pdftex.def Info: Figures/maxpool.jpeg used on input line 205.
(pdftex.def)             Requested size: 361.34999pt x 168.96432pt.
 [16 <./Figures/maxpool.jpeg>]
<Figures/deep_autoencoder.png, id=105, 542.025pt x 366.36874pt>
File: Figures/deep_autoencoder.png Graphic file (type png)

<use Figures/deep_autoencoder.png>
Package pdftex.def Info: Figures/deep_autoencoder.png used on input line 235.
(pdftex.def)             Requested size: 216.81pt x 146.54489pt.

<Figures/randomImageGEn.JPG, id=106, 616.3025pt x 384.43625pt>
File: Figures/randomImageGEn.JPG Graphic file (type jpg)

<use Figures/randomImageGEn.JPG>
Package pdftex.def Info: Figures/randomImageGEn.JPG used on input line 244.
(pdftex.def)             Requested size: 216.81pt x 135.24101pt.
 [17 <./Figures/deep_autoencoder.png> <./Figures/randomImageGEn.JPG>]
<Figures/clairifaiIMAGENET.png, id=111, 1204.5pt x 685.56125pt>
File: Figures/clairifaiIMAGENET.png Graphic file (type png)

<use Figures/clairifaiIMAGENET.png>
Package pdftex.def Info: Figures/clairifaiIMAGENET.png used on input line 261.
(pdftex.def)             Requested size: 361.34999pt x 205.66995pt.

Underfull \hbox (badness 10000) in paragraph at lines 266--267

 []

<Figures/selfDriving.png, id=112, 1506.62875pt x 1053.9375pt>
File: Figures/selfDriving.png Graphic file (type png)

<use Figures/selfDriving.png>
Package pdftex.def Info: Figures/selfDriving.png used on input line 272.
(pdftex.def)             Requested size: 361.34999pt x 252.77327pt.
 [18 <./Figures/clairifaiIMAGENET.png (PNG copy)>]) [19 <./Figures/selfDriving.
png>]
\openout2 = `Chapters/Chapter3.aux'.

 (./Chapters/Chapter3.tex
Chapitre 3.
<Figures/wang.jpg, id=120, 2125.9425pt x 764.8575pt>
File: Figures/wang.jpg Graphic file (type jpg)
 <use Figures/wang.jpg>
Package pdftex.def Info: Figures/wang.jpg used on input line 18.
(pdftex.def)             Requested size: 505.89pt x 182.00566pt.

Overfull \hbox (36.41951pt too wide) in paragraph at lines 18--19
 [][] 
 []

[20



 <./Figures/wang.jpg>]
<Figures/caltech101.jpg, id=125, 1324.95pt x 283.0575pt>
File: Figures/caltech101.jpg Graphic file (type jpg)

<use Figures/caltech101.jpg>
Package pdftex.def Info: Figures/caltech101.jpg used on input line 29.
(pdftex.def)             Requested size: 404.71243pt x 86.45981pt.

Overfull \hbox (29.3747pt too wide) in paragraph at lines 79--79
[][] 
 []


Overfull \hbox (29.3747pt too wide) in paragraph at lines 79--79
[][] 
 []


Overfull \hbox (29.3747pt too wide) in paragraph at lines 79--79
[][] 
 []


Underfull \hbox (badness 10000) in paragraph at lines 79--80

 []


Overfull \hbox (28.46642pt too wide) in paragraph at lines 38--80
 [] 
 []

[21 <./Figures/caltech101.jpg>]

LaTeX Warning: Command \' invalid in math mode on input line 91.


LaTeX Warning: Command \' invalid in math mode on input line 91.


LaTeX Warning: Command \' invalid in math mode on input line 91.


LaTeX Warning: Command \' invalid in math mode on input line 93.

[22]
Overfull \hbox (50.90411pt too wide) in paragraph at lines 114--123
 [] 
 []

<Figures/conv.jpg, id=133, 833.1125pt x 250.9375pt>
File: Figures/conv.jpg Graphic file (type jpg)
 <use Figures/conv.jpg>
Package pdftex.def Info: Figures/conv.jpg used on input line 140.
(pdftex.def)             Requested size: 542.025pt x 163.26825pt.

Overfull \hbox (72.5545pt too wide) in paragraph at lines 140--141
 [][] 
 []

[23 <./Figures/conv.jpg>]

LaTeX Warning: Command \` invalid in math mode on input line 147.

<Figures/pool.jpg, id=137, 770.88pt x 261.97874pt>
File: Figures/pool.jpg Graphic file (type jpg)
 <use Figures/pool.jpg>
Package pdftex.def Info: Figures/pool.jpg used on input line 156.
(pdftex.def)             Requested size: 505.89pt x 171.92313pt.

Overfull \hbox (36.41951pt too wide) in paragraph at lines 156--157
 [][] 
 []

[24 <./Figures/pool.jpg>]
<Figures/flattening.jpg, id=141, 393.47pt x 572.1375pt>
File: Figures/flattening.jpg Graphic file (type jpg)

<use Figures/flattening.jpg>
Package pdftex.def Info: Figures/flattening.jpg used on input line 176.
(pdftex.def)             Requested size: 252.94499pt x 367.79927pt.

<Figures/architectureVGG.jpg, id=142, 1128.215pt x 1327.96124pt>
File: Figures/architectureVGG.jpg Graphic file (type jpg)

<use Figures/architectureVGG.jpg>
Package pdftex.def Info: Figures/architectureVGG.jpg used on input line 189.
(pdftex.def)             Requested size: 433.62pt x 510.38522pt.

Underfull \vbox (badness 10000) has occurred while \output is active []

 [25 <./Figures/flattening.jpg>]
Overfull \hbox (7.92165pt too wide) in paragraph at lines 199--200
[]\T1/lmr/m/n/12 La base uti-li-sée pour l'en-traî-ne-ment (ap-pren-tis-sage) d
e ce ré-seau à convo-lu-tion est ILSVRC-
 []

[26 <./Figures/architectureVGG.jpg>]
<Figures/diagramme1.png, id=150, 513.41812pt x 246.9225pt>
File: Figures/diagramme1.png Graphic file (type png)

<use Figures/diagramme1.png>
Package pdftex.def Info: Figures/diagramme1.png used on input line 212.
(pdftex.def)             Requested size: 361.34999pt x 173.79025pt.

<Figures/diagramme2.png, id=151, 514.92375pt x 240.9pt>
File: Figures/diagramme2.png Graphic file (type png)

<use Figures/diagramme2.png>
Package pdftex.def Info: Figures/diagramme2.png used on input line 219.
(pdftex.def)             Requested size: 361.34999pt x 169.05524pt.

<Figures/diagramme3.png, id=152, 511.15968pt x 264.99pt>
File: Figures/diagramme3.png Graphic file (type png)

<use Figures/diagramme3.png>
Package pdftex.def Info: Figures/diagramme3.png used on input line 226.
(pdftex.def)             Requested size: 433.62pt x 224.78969pt.
 [27 <./Figures/diagramme1.png (PNG copy)> <./Figures/diagramme2.png (PNG copy)
>]
Underfull \vbox (badness 2512) has occurred while \output is active []

 [28 <./Figures/diagramme3.png (PNG copy)>] [29]
<Figures/results/res-wang1.png, id=162, 586.8324pt x 442.2924pt>
File: Figures/results/res-wang1.png Graphic file (type png)

<use Figures/results/res-wang1.png>
Package pdftex.def Info: Figures/results/res-wang1.png used on input line 331.
(pdftex.def)             Requested size: 256.0748pt x 193.00304pt.

<Figures/results/res-caltech1.png, id=163, 586.8324pt x 442.2924pt>
File: Figures/results/res-caltech1.png Graphic file (type png)

<use Figures/results/res-caltech1.png>
Package pdftex.def Info: Figures/results/res-caltech1.png used on input line 33
3.
(pdftex.def)             Requested size: 256.0748pt x 193.00304pt.

Overfull \hbox (66.67911pt too wide) in paragraph at lines 328--336
 [][] 
 []

[30] <Figures/arch.png, id=167, 700.2963pt x 172.0026pt>
File: Figures/arch.png Graphic file (type png)

<use Figures/arch.png>
Package pdftex.def Info: Figures/arch.png used on input line 362.
(pdftex.def)             Requested size: 361.34999pt x 88.75423pt.

Underfull \vbox (badness 1152) has occurred while \output is active []

 [31 <./Figures/results/res-wang1.png> <./Figures/results/res-caltech1.png>]
<Figures/unpooling.png, id=173, 867.24pt x 317.2653pt>
File: Figures/unpooling.png Graphic file (type png)

<use Figures/unpooling.png>
Package pdftex.def Info: Figures/unpooling.png used on input line 376.
(pdftex.def)             Requested size: 361.34999pt x 132.19516pt.
 [32 <./Figures/arch.png> <./Figures/unpooling.png>] <Figures/visualisation.png
, id=180, 727.0362pt x 1006.7211pt>
File: Figures/visualisation.png Graphic file (type png)

<use Figures/visualisation.png>
Package pdftex.def Info: Figures/visualisation.png used on input line 394.
(pdftex.def)             Requested size: 361.34999pt x 500.3485pt.

Underfull \hbox (badness 10000) in paragraph at lines 402--403

 []

[33 <./Figures/visualisation.png>]
<Figures/ae/414.jpg, id=185, 424.58624pt x 453.695pt>
File: Figures/ae/414.jpg Graphic file (type jpg)
 <use Figures/ae/414.jpg>
Package pdftex.def Info: Figures/ae/414.jpg used on input line 420.
(pdftex.def)             Requested size: 180.67499pt x 193.06358pt.

Underfull \vbox (badness 1221) has occurred while \output is active []

 [34]
<Figures/ae/42124.jpg, id=189, 424.58624pt x 458.71375pt>
File: Figures/ae/42124.jpg Graphic file (type jpg)

<use Figures/ae/42124.jpg>
Package pdftex.def Info: Figures/ae/42124.jpg used on input line 458.
(pdftex.def)             Requested size: 180.67499pt x 195.19923pt.

Underfull \vbox (badness 5064) has occurred while \output is active []

 [35 <./Figures/ae/414.jpg>] <Figures/ae/denoising.jpg, id=193, 600.2425pt x 47
2.76625pt>
File: Figures/ae/denoising.jpg Graphic file (type jpg)

<use Figures/ae/denoising.jpg>
Package pdftex.def Info: Figures/ae/denoising.jpg used on input line 494.
(pdftex.def)             Requested size: 216.81pt x 170.76561pt.
 [36 <./Figures/ae/42124.jpg>]
<Figures/results/res-wang2b.png, id=197, 586.8324pt x 442.2924pt>
File: Figures/results/res-wang2b.png Graphic file (type png)

<use Figures/results/res-wang2b.png>
Package pdftex.def Info: Figures/results/res-wang2b.png used on input line 535.

(pdftex.def)             Requested size: 256.0748pt x 193.00304pt.

<Figures/results/res-caltech2b.png, id=198, 586.8324pt x 442.2924pt>
File: Figures/results/res-caltech2b.png Graphic file (type png)

<use Figures/results/res-caltech2b.png>
Package pdftex.def Info: Figures/results/res-caltech2b.png used on input line 5
37.
(pdftex.def)             Requested size: 256.0748pt x 193.00304pt.

Overfull \hbox (66.67911pt too wide) in paragraph at lines 532--540
 [][] 
 []


Underfull \vbox (badness 10000) has occurred while \output is active []

 [37 <./Figures/ae/denoising.jpg>]
Overfull \hbox (9.00072pt too wide) in paragraph at lines 545--546
[]\T1/lmr/m/n/12 Nos deux pre-mières ar-chi-tec-tures d'Au-toen-co-ders qui son
t Au-toen-co-der 4x1x4 et 4x2x1x2x4
 []

<Figures/manifold.png, id=202, 643.40375pt x 656.4525pt>
File: Figures/manifold.png Graphic file (type png)

<use Figures/manifold.png>
Package pdftex.def Info: Figures/manifold.png used on input line 563.
(pdftex.def)             Requested size: 252.94499pt x 258.07887pt.
 [38 <./Figures/results/res-wang2b.png> <./Figures/results/res-caltech2b.png>] 
[39 <./Figures/manifold.png>]
<Figures/ae/AE-Descripteur.jpg, id=213, 590.205pt x 554.07pt>
File: Figures/ae/AE-Descripteur.jpg Graphic file (type jpg)

<use Figures/ae/AE-Descripteur.jpg>
Package pdftex.def Info: Figures/ae/AE-Descripteur.jpg used on input line 605.
(pdftex.def)             Requested size: 216.81pt x 203.53162pt.
 [40 <./Figures/ae/AE-Descripteur.jpg>]
<Figures/results/res-wang3.png, id=217, 586.8324pt x 442.2924pt>
File: Figures/results/res-wang3.png Graphic file (type png)

<use Figures/results/res-wang3.png>
Package pdftex.def Info: Figures/results/res-wang3.png used on input line 643.
(pdftex.def)             Requested size: 256.0748pt x 193.00304pt.

<Figures/results/res-caltech3.png, id=218, 586.8324pt x 442.2924pt>
File: Figures/results/res-caltech3.png Graphic file (type png)

<use Figures/results/res-caltech3.png>
Package pdftex.def Info: Figures/results/res-caltech3.png used on input line 64
5.
(pdftex.def)             Requested size: 256.0748pt x 193.00304pt.

Overfull \hbox (66.67911pt too wide) in paragraph at lines 640--648
 [][] 
 []

[41 <./Figures/results/res-wang3.png> <./Figures/results/res-caltech3.png>]
[42]
Overfull \hbox (49.77814pt too wide) in paragraph at lines 726--743
 [] 
 []


Overfull \hbox (49.93866pt too wide) in paragraph at lines 751--760
 [] 
 []

<Figures/results/res-wang5.png, id=227, 586.8324pt x 442.2924pt>
File: Figures/results/res-wang5.png Graphic file (type png)

<use Figures/results/res-wang5.png>
Package pdftex.def Info: Figures/results/res-wang5.png used on input line 771.
(pdftex.def)             Requested size: 361.34999pt x 272.35577pt.

Underfull \vbox (badness 7256) has occurred while \output is active []

 [43])
[44 <./Figures/results/res-wang5.png>]
\openout2 = `Chapters/Chapter4.aux'.

 (./Chapters/Chapter4.tex
Chapitre 4.

Underfull \hbox (badness 10000) in paragraph at lines 36--37

 []


Underfull \hbox (badness 10000) in paragraph at lines 38--39

 []

[45



]
Underfull \hbox (badness 10000) in paragraph at lines 40--41

 []


Underfull \hbox (badness 10000) in paragraph at lines 42--43

 []


Underfull \hbox (badness 10000) in paragraph at lines 44--45

 []


Underfull \hbox (badness 10000) in paragraph at lines 46--47

 []


Underfull \hbox (badness 10000) in paragraph at lines 48--49

 []

<Figures/yGraph.png, id=240, 373.395pt x 276.03125pt>
File: Figures/yGraph.png Graphic file (type png)
 <use Figures/yGraph.png>
Package pdftex.def Info: Figures/yGraph.png used on input line 54.
(pdftex.def)             Requested size: 216.81pt x 160.27513pt.

Underfull \hbox (badness 10000) in paragraph at lines 59--62

 []


Underfull \hbox (badness 10000) in paragraph at lines 63--64

 []


Underfull \hbox (badness 10000) in paragraph at lines 65--66

 []

<Figures/beforeOptimization.png, id=241, 928.46875pt x 727.71875pt>
File: Figures/beforeOptimization.png Graphic file (type png)

<use Figures/beforeOptimization.png>
Package pdftex.def Info: Figures/beforeOptimization.png used on input line 74.
(pdftex.def)             Requested size: 361.34999pt x 283.22064pt.

Underfull \vbox (badness 10000) has occurred while \output is active []

 [46 <./Figures/yGraph.png>]
Underfull \hbox (badness 10000) in paragraph at lines 79--80

 []


Underfull \hbox (badness 10000) in paragraph at lines 81--82

 []

<Figures/afterOptimization.png, id=246, 401.5pt x 276.03125pt>
File: Figures/afterOptimization.png Graphic file (type png)

<use Figures/afterOptimization.png>
Package pdftex.def Info: Figures/afterOptimization.png used on input line 87.
(pdftex.def)             Requested size: 216.81pt x 149.05885pt.

Underfull \hbox (badness 10000) in paragraph at lines 94--95

 []


Underfull \hbox (badness 10000) in paragraph at lines 96--97

 []

[47 <./Figures/beforeOptimization.png> <./Figures/afterOptimization.png>]
Underfull \hbox (badness 10000) in paragraph at lines 101--103

 []


Underfull \hbox (badness 10000) in paragraph at lines 104--105

 []


Underfull \hbox (badness 10000) in paragraph at lines 106--107

 []


Overfull \hbox (4.01846pt too wide) in paragraph at lines 108--112
[]\T1/lmr/m/n/12 >> \T1/lmr/m/it/12 ae = MLP([Tanh(), Tanh()], [4096, 1000, 409
6], weights_init=IsotropicGaussian(0.01),
 []


Underfull \hbox (badness 10000) in paragraph at lines 108--112

 []


Underfull \hbox (badness 10000) in paragraph at lines 113--114

 []


Underfull \hbox (badness 10000) in paragraph at lines 115--116

 []

<Figures/mainMenu.png, id=251, 656.4525pt x 698.61pt>
File: Figures/mainMenu.png Graphic file (type png)

<use Figures/mainMenu.png>
Package pdftex.def Info: Figures/mainMenu.png used on input line 128.
(pdftex.def)             Requested size: 216.81pt x 230.73389pt.

Underfull \vbox (badness 4713) has occurred while \output is active []

 [48]
<Figures/search.png, id=255, 1016.79875pt x 836.12375pt>
File: Figures/search.png Graphic file (type png)

<use Figures/search.png>
Package pdftex.def Info: Figures/search.png used on input line 140.
(pdftex.def)             Requested size: 325.215pt x 267.42473pt.
 [49 <./Figures/mainMenu.png> <./Figures/search.png>]
<Figures/guiTests1.png, id=261, 960.58875pt x 804.00375pt>
File: Figures/guiTests1.png Graphic file (type png)

<use Figures/guiTests1.png>
Package pdftex.def Info: Figures/guiTests1.png used on input line 151.
(pdftex.def)             Requested size: 289.07999pt x 241.95134pt.

<Figures/guiTests2.png, id=262, 960.58875pt x 809.0225pt>
File: Figures/guiTests2.png Graphic file (type png)

<use Figures/guiTests2.png>
Package pdftex.def Info: Figures/guiTests2.png used on input line 158.
(pdftex.def)             Requested size: 289.07999pt x 243.46165pt.
 [50 <./Figures/guiTests1.png> <./Figures/guiTests2.png>] <Figures/crab/0.jpg, 
id=269, 301.125pt x 174.6525pt>
File: Figures/crab/0.jpg Graphic file (type jpg)

<use Figures/crab/0.jpg>
Package pdftex.def Info: Figures/crab/0.jpg used on input line 172.
(pdftex.def)             Requested size: 256.0748pt x 148.53793pt.
 <Figures/crab/1.jpg, id=270, 301.125pt x 204.765pt>
File: Figures/crab/1.jpg Graphic file (type jpg)

<use Figures/crab/1.jpg>
Package pdftex.def Info: Figures/crab/1.jpg used on input line 175.
(pdftex.def)             Requested size: 85.35826pt x 58.04305pt.
 <Figures/crab/2.jpg, id=271, 301.125pt x 182.6825pt>
File: Figures/crab/2.jpg Graphic file (type jpg)

<use Figures/crab/2.jpg>
Package pdftex.def Info: Figures/crab/2.jpg used on input line 177.
(pdftex.def)             Requested size: 85.35826pt x 51.78351pt.
 <Figures/crab/3.jpg, id=272, 301.125pt x 186.6975pt>
File: Figures/crab/3.jpg Graphic file (type jpg)

<use Figures/crab/3.jpg>
Package pdftex.def Info: Figures/crab/3.jpg used on input line 179.
(pdftex.def)             Requested size: 85.35826pt x 52.9216pt.
 <Figures/crab/4.jpg, id=273, 301.125pt x 220.825pt>
File: Figures/crab/4.jpg Graphic file (type jpg)

<use Figures/crab/4.jpg>
Package pdftex.def Info: Figures/crab/4.jpg used on input line 181.
(pdftex.def)             Requested size: 85.35826pt x 62.59544pt.
 <Figures/crab/5.jpg, id=274, 301.125pt x 249.93375pt>
File: Figures/crab/5.jpg Graphic file (type jpg)

<use Figures/crab/5.jpg>
Package pdftex.def Info: Figures/crab/5.jpg used on input line 183.
(pdftex.def)             Requested size: 85.35826pt x 70.84666pt.
 <Figures/crab/6.jpg, id=275, 301.125pt x 187.70125pt>
File: Figures/crab/6.jpg Graphic file (type jpg)

<use Figures/crab/6.jpg>
Package pdftex.def Info: Figures/crab/6.jpg used on input line 187.
(pdftex.def)             Requested size: 85.35826pt x 53.20613pt.
 <Figures/crab/7.jpg, id=276, 301.125pt x 191.71625pt>
File: Figures/crab/7.jpg Graphic file (type jpg)

<use Figures/crab/7.jpg>
Package pdftex.def Info: Figures/crab/7.jpg used on input line 189.
(pdftex.def)             Requested size: 85.35826pt x 54.34422pt.
 <Figures/crab/8.jpg, id=277, 301.125pt x 195.73125pt>
File: Figures/crab/8.jpg Graphic file (type jpg)

<use Figures/crab/8.jpg>
Package pdftex.def Info: Figures/crab/8.jpg used on input line 191.
(pdftex.def)             Requested size: 85.35826pt x 55.48233pt.
 <Figures/crab/9.jpg, id=278, 301.125pt x 181.67876pt>
File: Figures/crab/9.jpg Graphic file (type jpg)

<use Figures/crab/9.jpg>
Package pdftex.def Info: Figures/crab/9.jpg used on input line 193.
(pdftex.def)             Requested size: 85.35826pt x 51.49898pt.
 <Figures/crab/10.jpg, id=279, 301.125pt x 246.9225pt>
File: Figures/crab/10.jpg Graphic file (type jpg)

<use Figures/crab/10.jpg>
Package pdftex.def Info: Figures/crab/10.jpg used on input line 195.
(pdftex.def)             Requested size: 85.35826pt x 69.99309pt.

<Figures/crab/11.jpg, id=280, 301.125pt x 203.76125pt>
File: Figures/crab/11.jpg Graphic file (type jpg)

<use Figures/crab/11.jpg>
Package pdftex.def Info: Figures/crab/11.jpg used on input line 199.
(pdftex.def)             Requested size: 85.35826pt x 57.75853pt.
 <Figures/crab/12.jpg, id=281, 301.125pt x 224.84pt>
File: Figures/crab/12.jpg Graphic file (type jpg)

<use Figures/crab/12.jpg>
Package pdftex.def Info: Figures/crab/12.jpg used on input line 201.
(pdftex.def)             Requested size: 85.35826pt x 63.73355pt.

<Figures/crab/13.jpg, id=282, 301.125pt x 182.6825pt>
File: Figures/crab/13.jpg Graphic file (type jpg)

<use Figures/crab/13.jpg>
Package pdftex.def Info: Figures/crab/13.jpg used on input line 203.
(pdftex.def)             Requested size: 85.35826pt x 51.78351pt.

<Figures/crab/14.jpg, id=283, 301.125pt x 247.92625pt>
File: Figures/crab/14.jpg Graphic file (type jpg)

<use Figures/crab/14.jpg>
Package pdftex.def Info: Figures/crab/14.jpg used on input line 205.
(pdftex.def)             Requested size: 85.35826pt x 70.27762pt.

<Figures/crab/15.jpg, id=284, 301.125pt x 237.88875pt>
File: Figures/crab/15.jpg Graphic file (type jpg)

<use Figures/crab/15.jpg>
Package pdftex.def Info: Figures/crab/15.jpg used on input line 207.
(pdftex.def)             Requested size: 85.35826pt x 67.43237pt.

<Figures/crab/16.jpg, id=285, 301.125pt x 201.75375pt>
File: Figures/crab/16.jpg Graphic file (type jpg)

<use Figures/crab/16.jpg>
Package pdftex.def Info: Figures/crab/16.jpg used on input line 212.
(pdftex.def)             Requested size: 85.35826pt x 57.18948pt.

<Figures/crab/17.jpg, id=286, 301.125pt x 225.84375pt>
File: Figures/crab/17.jpg Graphic file (type jpg)

<use Figures/crab/17.jpg>
Package pdftex.def Info: Figures/crab/17.jpg used on input line 214.
(pdftex.def)             Requested size: 85.35826pt x 64.01807pt.

<Figures/crab/18.jpg, id=287, 301.125pt x 197.73875pt>
File: Figures/crab/18.jpg Graphic file (type jpg)

<use Figures/crab/18.jpg>
Package pdftex.def Info: Figures/crab/18.jpg used on input line 216.
(pdftex.def)             Requested size: 85.35826pt x 56.05138pt.

<Figures/crab/19.jpg, id=288, 301.125pt x 195.73125pt>
File: Figures/crab/19.jpg Graphic file (type jpg)

<use Figures/crab/19.jpg>
Package pdftex.def Info: Figures/crab/19.jpg used on input line 218.
(pdftex.def)             Requested size: 85.35826pt x 55.48233pt.

<Figures/crab/20.jpg, id=289, 301.125pt x 170.6375pt>
File: Figures/crab/20.jpg Graphic file (type jpg)

<use Figures/crab/20.jpg>
Package pdftex.def Info: Figures/crab/20.jpg used on input line 220.
(pdftex.def)             Requested size: 85.35826pt x 48.3692pt.

Overfull \hbox (17.32082pt too wide) in paragraph at lines 169--224
[][] 
 []

[51 <./Figures/crab/0.jpg> <./Figures/crab/1.jpg> <./Figures/crab/2.jpg> <./Fig
ures/crab/3.jpg> <./Figures/crab/4.jpg> <./Figures/crab/5.jpg> <./Figures/crab/
6.jpg> <./Figures/crab/7.jpg> <./Figures/crab/8.jpg> <./Figures/crab/9.jpg> <./
Figures/crab/10.jpg> <./Figures/crab/11.jpg> <./Figures/crab/12.jpg> <./Figures
/crab/13.jpg> <./Figures/crab/14.jpg> <./Figures/crab/15.jpg> <./Figures/crab/1
6.jpg> <./Figures/crab/17.jpg> <./Figures/crab/18.jpg> <./Figures/crab/19.jpg> 
<./Figures/crab/20.jpg>] <Figures/africans/0.jpg, id=293, 385.44pt x 256.96pt>
File: Figures/africans/0.jpg Graphic file (type jpg)

<use Figures/africans/0.jpg>
Package pdftex.def Info: Figures/africans/0.jpg used on input line 235.
(pdftex.def)             Requested size: 170.71652pt x 113.80771pt.

<Figures/africans/1.jpg, id=294, 385.44pt x 256.96pt>
File: Figures/africans/1.jpg Graphic file (type jpg)

<use Figures/africans/1.jpg>
Package pdftex.def Info: Figures/africans/1.jpg used on input line 240.
(pdftex.def)             Requested size: 85.35826pt x 56.90385pt.

<Figures/africans/2.jpg, id=295, 385.44pt x 256.96pt>
File: Figures/africans/2.jpg Graphic file (type jpg)

<use Figures/africans/2.jpg>
Package pdftex.def Info: Figures/africans/2.jpg used on input line 242.
(pdftex.def)             Requested size: 85.35826pt x 56.90385pt.

<Figures/africans/3.jpg, id=296, 256.96pt x 385.44pt>
File: Figures/africans/3.jpg Graphic file (type jpg)

<use Figures/africans/3.jpg>
Package pdftex.def Info: Figures/africans/3.jpg used on input line 244.
(pdftex.def)             Requested size: 85.35774pt x 56.90189pt.

<Figures/africans/4.jpg, id=297, 385.44pt x 256.96pt>
File: Figures/africans/4.jpg Graphic file (type jpg)

<use Figures/africans/4.jpg>
Package pdftex.def Info: Figures/africans/4.jpg used on input line 246.
(pdftex.def)             Requested size: 85.35826pt x 56.90385pt.

<Figures/africans/5.jpg, id=298, 385.44pt x 256.96pt>
File: Figures/africans/5.jpg Graphic file (type jpg)

<use Figures/africans/5.jpg>
Package pdftex.def Info: Figures/africans/5.jpg used on input line 248.
(pdftex.def)             Requested size: 85.35826pt x 56.90385pt.

Overfull \hbox (17.3203pt too wide) in paragraph at lines 232--252
[][] 
 []

<Figures/anchor/0.jpg, id=299, 301.125pt x 206.7725pt>
File: Figures/anchor/0.jpg Graphic file (type jpg)

<use Figures/anchor/0.jpg>
Package pdftex.def Info: Figures/anchor/0.jpg used on input line 261.
(pdftex.def)             Requested size: 170.71652pt x 117.23051pt.

<Figures/anchor/1.jpg, id=300, 301.125pt x 229.85875pt>
File: Figures/anchor/1.jpg Graphic file (type jpg)

<use Figures/anchor/1.jpg>
Package pdftex.def Info: Figures/anchor/1.jpg used on input line 266.
(pdftex.def)             Requested size: 85.35826pt x 65.15617pt.

<Figures/anchor/2.jpg, id=301, 301.125pt x 213.79875pt>
File: Figures/anchor/2.jpg Graphic file (type jpg)

<use Figures/anchor/2.jpg>
Package pdftex.def Info: Figures/anchor/2.jpg used on input line 268.
(pdftex.def)             Requested size: 85.35826pt x 60.60378pt.

<Figures/anchor/3.jpg, id=302, 301.125pt x 170.6375pt>
File: Figures/anchor/3.jpg Graphic file (type jpg)

<use Figures/anchor/3.jpg>
Package pdftex.def Info: Figures/anchor/3.jpg used on input line 270.
(pdftex.def)             Requested size: 85.35826pt x 48.3692pt.

<Figures/anchor/4.jpg, id=303, 301.125pt x 220.825pt>
File: Figures/anchor/4.jpg Graphic file (type jpg)

<use Figures/anchor/4.jpg>
Package pdftex.def Info: Figures/anchor/4.jpg used on input line 272.
(pdftex.def)             Requested size: 85.35826pt x 62.59544pt.

<Figures/anchor/5.jpg, id=304, 236.885pt x 301.125pt>
File: Figures/anchor/5.jpg Graphic file (type jpg)

<use Figures/anchor/5.jpg>
Package pdftex.def Info: Figures/anchor/5.jpg used on input line 274.
(pdftex.def)             Requested size: 85.35805pt x 56.90189pt.

Overfull \hbox (17.3206pt too wide) in paragraph at lines 258--278
[][] 
 []

[52 <./Figures/africans/0.jpg> <./Figures/africans/1.jpg> <./Figures/africans/2
.jpg> <./Figures/africans/3.jpg> <./Figures/africans/4.jpg> <./Figures/africans
/5.jpg> <./Figures/anchor/0.jpg> <./Figures/anchor/1.jpg> <./Figures/anchor/2.j
pg> <./Figures/anchor/3.jpg> <./Figures/anchor/4.jpg> <./Figures/anchor/5.jpg>]
) [53]
\openout2 = `Chapters/Conclusion.aux'.

 (./Chapters/Conclusion.tex) [54



]
\openout2 = `Chapters/Ref.aux'.

 (./Chapters/Ref.tex
Underfull \hbox (badness 10000) in paragraph at lines 5--6

 []


Underfull \hbox (badness 10000) in paragraph at lines 7--10

 []


Underfull \hbox (badness 10000) in paragraph at lines 11--13

 []


Package ucs Warning: This text contains LRM/RLM/LRE/RLE characters.
(ucs)                Note that these are ignored because of incomplete
(ucs)                right-to-left capability. Try using LRO/RLO/PDF
(ucs)                characters instead to ensure correct order.
(ucs)                 on input line 14.


Underfull \hbox (badness 10000) in paragraph at lines 14--15

 []


Underfull \hbox (badness 10000) in paragraph at lines 16--17

 []


Underfull \hbox (badness 10000) in paragraph at lines 18--20

 []


Underfull \hbox (badness 10000) in paragraph at lines 21--22

 []


Underfull \hbox (badness 10000) in paragraph at lines 23--24

 []


Underfull \hbox (badness 10000) in paragraph at lines 25--26

 []


Underfull \hbox (badness 10000) in paragraph at lines 27--28

 []


Underfull \hbox (badness 10000) in paragraph at lines 29--30

 []


Underfull \hbox (badness 10000) in paragraph at lines 29--30

 []


Underfull \hbox (badness 10000) in paragraph at lines 31--32

 []

[55



]
Underfull \hbox (badness 10000) in paragraph at lines 33--34

 []


Underfull \hbox (badness 10000) in paragraph at lines 35--36

 []


Underfull \hbox (badness 10000) in paragraph at lines 37--38

 []


Underfull \hbox (badness 10000) in paragraph at lines 39--40

 []


Underfull \hbox (badness 10000) in paragraph at lines 41--42

 []


Underfull \hbox (badness 10000) in paragraph at lines 43--44

 []


Underfull \hbox (badness 10000) in paragraph at lines 45--46

 []


Underfull \hbox (badness 10000) in paragraph at lines 47--48

 []


Underfull \hbox (badness 10000) in paragraph at lines 49--50

 []


Underfull \hbox (badness 10000) in paragraph at lines 51--52

 []


Underfull \hbox (badness 10000) in paragraph at lines 53--54

 []


Underfull \hbox (badness 10000) in paragraph at lines 55--56

 []


Overfull \hbox (32.76884pt too wide) in paragraph at lines 57--58
[]\T1/lmr/m/n/12 [Site2] Li Jiang, Mu-sings on Deep Lear-ning https ://medium.c
om/global-silicon-valley/machine-
 []


Underfull \hbox (badness 10000) in paragraph at lines 57--58

 []


Underfull \hbox (badness 10000) in paragraph at lines 60--61

 []


Underfull \hbox (badness 10000) in paragraph at lines 62--63

 []

[56]
Underfull \hbox (badness 10000) in paragraph at lines 64--65

 []


Underfull \hbox (badness 10000) in paragraph at lines 66--67

 []


Underfull \hbox (badness 10000) in paragraph at lines 68--69

 []


Underfull \hbox (badness 10000) in paragraph at lines 70--72

 []


Underfull \hbox (badness 10000) in paragraph at lines 73--74

 []


Underfull \hbox (badness 10000) in paragraph at lines 75--76

 []


Underfull \hbox (badness 10000) in paragraph at lines 77--78

 []


Underfull \hbox (badness 10000) in paragraph at lines 79--80

 []

)
Underfull \hbox (badness 10000) in paragraph at lines 81--126

 []

[57] 
AED: lastpage setting LastPage
Package minitoc Info: I0009
(minitoc)             Listing minitoc auxiliary files. 
(minitoc)             Creating the main.maf file.
\openout3 = `main.maf'.


Package minitoc(hints) Warning: W0078
(minitoc(hints))                You have used \dominitoc, 
(minitoc(hints))                but not \minitoc.


Package minitoc(hints) Warning: W0037
(minitoc(hints))                The sectsty package should be 
(minitoc(hints))                loaded BEFORE the minitoc package.


Package minitoc(hints) Warning: W0086
(minitoc(hints))                The fncychap package should be 
(minitoc(hints))                loaded BEFORE the minitoc package.


Package minitoc(hints) Warning: W0033
(minitoc(hints))                The caption package should be 
(minitoc(hints))                loaded BEFORE the minitoc package.

Package minitoc(hints) Info: I0053
(minitoc(hints))             You have loaded the float package; 
(minitoc(hints))             please be aware that the minitoc package 
(minitoc(hints))             facilities can not be used for new types 
(minitoc(hints))             of floats defined by the float package.

Package minitoc(hints) Warning: W0024
(minitoc(hints))                Some hints have been written 
(minitoc(hints))                in the main.log file.

[58


] (./main.aux (./Chapters/remerciement.aux) (./Chapters/abstract.aux)
(./Chapters/Introduction.aux) (./Chapters/Chapter1.aux)
(./Chapters/Chapter2.aux) (./Chapters/Chapter3.aux) (./Chapters/Chapter4.aux)
(./Chapters/Conclusion.aux) (./Chapters/Ref.aux))

 *File List*
    book.cls    2007/10/19 v1.4h Standard LaTeX document class
    bk12.clo    2007/10/19 v1.4h Standard LaTeX file (size option)
inputenc.sty    2008/03/30 v1.1d Input encoding file
   utf8x.def    2004/10/17 UCS: Input encoding UTF-8
     ucs.sty    2013/05/11 v2.2 UCS: Unicode input support
uni-global.def    2013/05/13 UCS: Unicode global data
 fontenc.sty
   t1enc.def    2005/09/27 v1.99g Standard LaTeX file
   float.sty    2001/11/08 v1.3d Float enhancements (AL)
lastpage.sty    2013/01/28 v1.2l Refers to last page's name (HMM; JPG)
   babel.sty    2013/12/03 3.9h The Babel package
 frenchb.ldf    2013/12/30 v2.6g French support from the babel system
scalefnt.sty    
  keyval.sty    1999/03/16 v1.13 key=value parser (DPC)
 amsmath.sty    2013/01/14 v2.14 AMS math features
 amstext.sty    2000/06/29 v2.01
  amsgen.sty    1999/11/30 v2.0
  amsbsy.sty    1999/11/29 v1.2d
  amsopn.sty    1999/12/14 v2.01 operator names
pdfpages.sty    2013/08/25 v0.4v Insert pages of external PDF documents (AM)
  ifthen.sty    2001/05/26 v1.1c Standard LaTeX ifthen package (DPC)
    calc.sty    2007/08/22 v4.3 Infix arithmetic (KKT,FJ)
 eso-pic.sty    2013/10/06 v2.0d eso-pic (RN)
atbegshi.sty    2011/10/05 v1.16 At begin shipout hook (HO)
infwarerr.sty    2010/04/08 v1.3 Providing info/warning/error messages (HO)
 ltxcmds.sty    2011/11/09 v1.22 LaTeX kernel commands for general use (HO)
   ifpdf.sty    2011/01/30 v2.3 Provides the ifpdf switch (HO)
  xcolor.sty    2007/01/21 v2.11 LaTeX color extensions (UK)
   color.cfg    2007/01/18 v1.5 color configuration of teTeX/TeXLive
  pdftex.def    2011/05/27 v0.06d Graphics/color for pdfTeX
graphicx.sty    1999/02/16 v1.0f Enhanced LaTeX Graphics (DPC,SPQR)
graphics.sty    2009/02/05 v1.0o Standard LaTeX Graphics (DPC,SPQR)
    trig.sty    1999/03/16 v1.09 sin cos tan (DPC)
graphics.cfg    2010/04/23 v1.9 graphics configuration of TeX Live
pppdftex.def    2013/08/25 v0.4v Pdfpages driver for pdfTeX (AM)
 lmodern.sty    2009/10/30 v1.6 Latin Modern Fonts
 fontenc.sty
   t1enc.def    2005/09/27 v1.99g Standard LaTeX file
amsfonts.sty    2013/01/14 v3.01 Basic AMSFonts support
enumerate.sty    1999/03/05 v3.00 enumerate extensions (DPC)
 amssymb.sty    2013/01/14 v3.01 AMS font symbols
 makeidx.sty    2000/03/29 v1.0m Standard LaTeX package
   array.sty    2008/09/09 v2.4c Tabular extension package (FMi)
multirow.sty    
algorithme.sty    
algorithmicx.sty    2005/04/27 v1.2 Algorithmicx
setspace.sty    2011/12/19 v6.7a set line spacing
 minitoc.sty    2008/07/16 v60 Package minitoc (JPFD)
 mtcmess.sty    2006/03/14
    main.mtc0
 english.mld    2006/01/13
 english.mld    2006/01/13
lettrine.sty    2013/03/14 v1.64 (Daniel Flipo)
lettrine.cfg
titlesec.sty    2011/12/15 v2.10.0 Sectioning titles
 sectsty.sty    2002/02/25 v2.0.2 Commands to change all sectional heading styl
es
  lipsum.sty    2011/04/14 v1.2 150 paragraphs of Lorem Ipsum dummy text
 caption.sty    2013/05/02 v3.3-89 Customizing captions (AR)
caption3.sty    2013/05/02 v1.6-88 caption3 kernel (AR)
geometry.sty    2010/09/12 v5.6 Page Geometry
  ifvtex.sty    2010/03/01 v1.5 Detect VTeX and its facilities (HO)
 ifxetex.sty    2010/09/12 v0.6 Provides ifxetex conditional
 arabtex.sty    2003/08/22  3.11 ArabTeX main module
 arabaux.sty    2003/05/21  3.11 auxiliary macros for ArabTeX
   t1lmr.fd    2009/10/30 v1.6 Font defs for Latin Modern
    acmd.sty    2003/08/20  3.11 Arabic command processing 
  afonts.sty    1995/11/16  3.04 define Naskh font 
 afonts2.sty    1998/10/19  3.10 define Naskh fonts for LaTeX2e
   ascan.sty    2003/08/22  3.11 standard ZDMG input encoding 
  aparse.sty    2003/05/26  3.11 get syllables 
  awrite.sty    2003/06/05  3.11 build output word 
xarbsymb.sty    1998/07/15  3.07 symbolic output encoding 
arabskel.sty    2000/06/04  3.10 character skeleton definitions 
xarbskel.sty    1999/07/17  3.09 character skeleton definitions 
  aboxes.sty    2003/05/28  3.11 build output boxes
arabtoks.sty    1999/07/17  3.09 ArabTeX CS token definitions 
arabchrs.sty    1998/07/11  3.07 letter token definitions 
   aligs.sty    2003/05/26  3.11 compute ligatures
 aoutput.sty    2000/06/04  3.10 build output lines
  abidir.sty    2003/08/22  3.11 bidirectional linebreaking
  atrans.sty    2003/06/14  3.11 generate the transliteration 
  alatex.sty    2003/05/04  3.11 ArabTeX extensions for LaTeX 
   afoot.sty    2003/05/12  3.11 ArabTeX footnotes
   abjad.sty    2003/04/26  3.11 abjad numerals 
  apatch.sty    2006/07/02  3.11s last minute patches 
  alists.sty    2003/04/26  3.11 inverted list macros
   asect.sty    2003/04/26  3.11 section macros for Arabic
   atabg.sty    1997/01/21  3.05 LaTeX tabbing macros for Arabic
    utf8.sty    2000/06/13  3.10 UTF-8 input encoding 
 utfcode.sty    2002/03/07  3.10a Arabic+Hebrew segment of UTF-8
fncychap.sty    2007/07/30 v1.34 LaTeX package (Revised chapters)
fancyhdr.sty    
 ucsencs.def    2011/01/21 Fixes to fontencodings LGR, T3
supp-pdf.mkii
pdftexcmds.sty    2011/11/29 v0.20 Utility functions of pdfTeX for LuaTeX (HO)
ifluatex.sty    2010/03/01 v1.3 Provides the ifluatex switch (HO)
epstopdf-base.sty    2010/02/09 v2.5 Base part for package epstopdf
  grfext.sty    2010/08/19 v1.1 Manage graphics extensions (HO)
kvdefinekeys.sty    2011/04/07 v1.3 Define keys (HO)
kvoptions.sty    2011/06/30 v3.11 Key value format for package options (HO)
kvsetkeys.sty    2012/04/25 v1.16 Key value parser (HO)
etexcmds.sty    2011/02/16 v1.5 Avoid name clashes with e-TeX commands (HO)
epstopdf-sys.cfg    2010/07/13 v1.3 Configuration of (r)epstopdf for TeX Live
  apatch.sty    2006/07/02  3.11s last minute patches 
  ot1lmr.fd    2009/10/30 v1.6 Font defs for Latin Modern
  omllmm.fd    2009/10/30 v1.6 Font defs for Latin Modern
 omslmsy.fd    2009/10/30 v1.6 Font defs for Latin Modern
 omxlmex.fd    2009/10/30 v1.6 Font defs for Latin Modern
    umsa.fd    2013/01/14 v3.01 AMS symbols A
    umsb.fd    2013/01/14 v3.01 AMS symbols B
Chapters/remerciement.tex
   uni-0.def    2013/05/13 UCS: Unicode data U+0000..U+00FF
Chapters/abstract.tex
   Uxnsh.fd
Chapters/Introduction.tex
  uni-32.def    2013/05/13 UCS: Unicode data U+2000..U+20FF
Chapters/Chapter1.tex
Figures/googleImage2.png
Figures/textBasedIR.png
Figures/cbir.JPG
Figures/cbirMedic.jpg
Figures/qbic-demo.jpg
Figures/lire-demo.png
Figures/fire-demo.png
Chapters/Chapter2.tex
Figures/OneLearningAlgoAndreNg.jpg
Figures/mlp.png
Figures/image024.png
Figures/highVariation.jpg
   uni-1.def    2013/05/13 UCS: Unicode data U+0100..U+01FF
Figures/Mylenet.png
Figures/convExample.png
Figures/zero-padding.png
Figures/maxpool.jpeg
Figures/deep_autoencoder.png
Figures/randomImageGEn.JPG
Figures/clairifaiIMAGENET.png
Figures/selfDriving.png
Chapters/Chapter3.tex
Figures/wang.jpg
Figures/caltech101.jpg
Figures/conv.jpg
Figures/pool.jpg
Figures/flattening.jpg
Figures/architectureVGG.jpg
Figures/diagramme1.png
Figures/diagramme2.png
Figures/diagramme3.png
Figures/results/res-wang1.png
Figures/results/res-caltech1.png
Figures/arch.png
Figures/unpooling.png
Figures/visualisation.png
Figures/ae/414.jpg
Figures/ae/42124.jpg
Figures/ae/denoising.jpg
Figures/results/res-wang2b.png
Figures/results/res-caltech2b.png
Figures/manifold.png
Figures/ae/AE-Descripteur.jpg
Figures/results/res-wang3.png
Figures/results/res-caltech3.png
Figures/results/res-wang5.png
Chapters/Chapter4.tex
Figures/yGraph.png
Figures/beforeOptimization.png
Figures/afterOptimization.png
Figures/mainMenu.png
Figures/search.png
Figures/guiTests1.png
Figures/guiTests2.png
Figures/crab/0.jpg
Figures/crab/1.jpg
Figures/crab/2.jpg
Figures/crab/3.jpg
Figures/crab/4.jpg
Figures/crab/5.jpg
Figures/crab/6.jpg
Figures/crab/7.jpg
Figures/crab/8.jpg
Figures/crab/9.jpg
Figures/crab/10.jpg
Figures/crab/11.jpg
Figures/crab/12.jpg
Figures/crab/13.jpg
Figures/crab/14.jpg
Figures/crab/15.jpg
Figures/crab/16.jpg
Figures/crab/17.jpg
Figures/crab/18.jpg
Figures/crab/19.jpg
Figures/crab/20.jpg
Figures/africans/0.jpg
Figures/africans/1.jpg
Figures/africans/2.jpg
Figures/africans/3.jpg
Figures/africans/4.jpg
Figures/africans/5.jpg
Figures/anchor/0.jpg
Figures/anchor/1.jpg
Figures/anchor/2.jpg
Figures/anchor/3.jpg
Figures/anchor/4.jpg
Figures/anchor/5.jpg
Chapters/Conclusion.tex
Chapters/Ref.tex
 ***********


LaTeX Warning: There were multiply-defined labels.

 ) 
Here is how much of TeX's memory you used:
 13671 strings out of 494949
 182714 string characters out of 6178913
 386579 words of memory out of 5000000
 16229 multiletter control sequences out of 15000+600000
 86791 words of font info for 66 fonts, out of 8000000 for 9000
 36 hyphenation exceptions out of 8191
 39i,52n,43p,964b,1461s stack positions out of 5000i,500n,10000p,200000b,80000s
{/usr/share/texmf/fonts/enc/dvips/lm/lm-mathsy.enc}{/usr/share/texmf/fonts/en
c/dvips/lm/lm-rm.enc}{/usr/share/texmf/fonts/enc/dvips/lm/lm-mathit.enc}{/usr/s
hare/texmf/fonts/enc/dvips/lm/lm-ec.enc}</usr/share/texmf/fonts/type1/public/lm
/lmbx12.pfb></usr/share/texmf/fonts/type1/public/lm/lmbxi10.pfb></usr/share/tex
mf/fonts/type1/public/lm/lmcsc10.pfb></usr/share/texmf/fonts/type1/public/lm/lm
mi12.pfb></usr/share/texmf/fonts/type1/public/lm/lmmi8.pfb></usr/share/texmf/fo
nts/type1/public/lm/lmr12.pfb></usr/share/texmf/fonts/type1/public/lm/lmr17.pfb
></usr/share/texmf/fonts/type1/public/lm/lmr8.pfb></usr/share/texmf/fonts/type1
/public/lm/lmri12.pfb></usr/share/texmf/fonts/type1/public/lm/lmsy10.pfb></usr/
share/texmf/fonts/type1/public/lm/lmsy8.pfb></usr/share/texlive/texmf-dist/font
s/type1/public/amsfonts/symbols/msbm10.pfb></usr/share/texlive/texmf-dist/fonts
/type1/public/arabtex/xnsh14.pfb>
Output written on main.pdf (63 pages, 11656448 bytes).
PDF statistics:
 376 PDF objects out of 1000 (max. 8388607)
 187 compressed objects within 2 object streams
 0 named destinations out of 1000 (max. 500000)
 416 words of extra memory for PDF output out of 10000 (max. 10000000)

