\BOOKMARK [0][-]{dummy.1}{\376\377\000C\000o\000n\000t\000e\000n\000t\000s}{}% 1
\BOOKMARK [0][-]{chapter.2}{\376\377\0001\000\040\000R\000e\000c\000h\000e\000r\000c\000h\000e\000\040\000d\000'\000i\000m\000a\000g\000e\000\040\000p\000a\000r\000\040\000l\000e\000\040\000c\000o\000n\000t\000e\000n\000u}{}% 2
\BOOKMARK [1][-]{section.3}{\376\377\0001\000.\0001\000\040\000I\000n\000t\000r\000o\000d\000u\000c\000t\000i\000o\000n}{chapter.2}% 3
\BOOKMARK [1][-]{section.6}{\376\377\0001\000.\0002\000\040\000L\000a\000\040\000c\000o\000n\000c\000e\000p\000t\000i\000o\000n\000\040\000d\000'\000u\000n\000\040\000C\000B\000I\000R}{chapter.2}% 4
\BOOKMARK [1][-]{section.7}{\376\377\0001\000.\0003\000\040\000C\000a\000l\000c\000u\000l\000e\000\040\000d\000e\000\040\000s\000i\000m\000i\000l\000a\000r\000i\000t\000\351}{chapter.2}% 5
\BOOKMARK [1][-]{section.8}{\376\377\0001\000.\0004\000\040\000T\000y\000p\000e\000s\000\040\000d\000e\000\040\000C\000B\000I\000R}{chapter.2}% 6
\BOOKMARK [2][-]{subsection.9}{\376\377\0001\000.\0004\000.\0001\000\040\000B\000a\000s\000\351\000e\000-\000r\000\351\000g\000i\000o\000n\000\040\000:}{section.8}% 7
\BOOKMARK [2][-]{subsection.10}{\376\377\0001\000.\0004\000.\0002\000\040\000B\000a\000s\000\351\000e\000-\000o\000b\000j\000e\000t\000s\000\040\000:}{section.8}% 8
\BOOKMARK [2][-]{subsection.11}{\376\377\0001\000.\0004\000.\0003\000\040\000B\000a\000s\000\351\000e\000-\000e\000x\000e\000m\000p\000l\000e\000s\000\040\000:}{section.8}% 9
\BOOKMARK [2][-]{subsection.12}{\376\377\0001\000.\0004\000.\0004\000\040\000B\000a\000s\000\351\000e\000-\000F\000e\000e\000d\000b\000a\000c\000k\000\040\000:}{section.8}% 10
\BOOKMARK [1][-]{section.13}{\376\377\0001\000.\0005\000\040\000S\000y\000s\000t\000\350\000m\000e\000s\000\040\000e\000t\000\040\000a\000p\000p\000l\000i\000c\000a\000t\000i\000o\000n\000s\000\040\000e\000x\000i\000s\000t\000a\000n\000t\000s}{chapter.2}% 11
\BOOKMARK [1][-]{section.19}{\376\377\0001\000.\0006\000\040\000P\000r\000o\000b\000l\000\350\000m\000e\000\040\000d\000u\000\040\000S\000e\000m\000a\000n\000t\000i\000c\000\040\000G\000a\000p}{chapter.2}% 12
\BOOKMARK [0][-]{chapter.20}{\376\377\0002\000\040\000A\000p\000p\000r\000e\000n\000t\000i\000s\000s\000a\000g\000e\000\040\000p\000r\000o\000f\000o\000n\000d}{}% 13
\BOOKMARK [1][-]{section.21}{\376\377\0002\000.\0001\000\040\000A\000p\000p\000r\000e\000n\000t\000i\000s\000s\000a\000g\000e\000\040\000a\000u\000t\000o\000m\000a\000t\000i\000q\000u\000e\000:}{chapter.20}% 14
\BOOKMARK [1][-]{section.23}{\376\377\0002\000.\0002\000\040\000C\000o\000n\000c\000e\000p\000t\000\040\000d\000e\000\040\000b\000a\000s\000e\000\040\000d\000e\000\040\000l\000'\000a\000p\000p\000r\000e\000n\000t\000i\000s\000s\000a\000g\000e\000:}{chapter.20}% 15
\BOOKMARK [2][-]{subsection.24}{\376\377\0002\000.\0002\000.\0001\000\040\000L\000e\000s\000\040\000t\000\342\000c\000h\000e\000s\000\040\000T\000:}{section.23}% 16
\BOOKMARK [2][-]{subsection.25}{\376\377\0002\000.\0002\000.\0002\000\040\000L\000e\000s\000\040\000m\000e\000s\000u\000r\000e\000s\000\040\000d\000e\000\040\000p\000e\000r\000f\000o\000r\000m\000a\000n\000c\000e\000\040\000P\000:}{section.23}% 17
\BOOKMARK [2][-]{subsection.26}{\376\377\0002\000.\0002\000.\0003\000\040\000L\040\031\000e\000x\000p\000\351\000r\000i\000e\000n\000c\000e\000\040\000E\000:}{section.23}% 18
\BOOKMARK [2][-]{subsection.27}{\376\377\0002\000.\0002\000.\0004\000\040\000E\000x\000e\000m\000p\000l\000e\000\040\000d\000'\000a\000l\000g\000o\000r\000i\000t\000h\000m\000e\000\040\000d\000'\000a\000p\000p\000r\000e\000n\000t\000i\000s\000s\000a\000g\000e\000:\000\040\000R\000\351\000s\000e\000a\000u\000x\000\040\000d\000e\000\040\000n\000e\000u\000r\000o\000n\000e\000s\000\040\000:}{section.23}% 19
\BOOKMARK [1][-]{section.30}{\376\377\0002\000.\0003\000\040\000I\000n\000t\000r\000o\000d\000u\000c\000t\000i\000o\000n\000\040\000\340\000\040\000l\000'\000a\000p\000p\000r\000e\000n\000t\000i\000s\000s\000a\000g\000e\000\040\000p\000r\000o\000f\000o\000n\000d}{chapter.20}% 20
\BOOKMARK [1][-]{section.32}{\376\377\0002\000.\0004\000\040\000L\000e\000s\000\040\000A\000r\000c\000h\000i\000t\000e\000c\000t\000u\000r\000e\000s\000\040\000d\000e\000\040\000l\000'\000a\000p\000p\000r\000e\000n\000t\000i\000s\000s\000a\000g\000e\000\040\000p\000r\000o\000f\000o\000n\000d\000:}{chapter.20}% 21
\BOOKMARK [2][-]{subsection.33}{\376\377\0002\000.\0004\000.\0001\000\040\000D\000e\000e\000p\000\040\000B\000e\000l\000i\000e\000f\000\040\000N\000e\000t\000w\000o\000r\000k\000s}{section.32}% 22
\BOOKMARK [2][-]{subsection.34}{\376\377\0002\000.\0004\000.\0002\000\040\000R\000\351\000s\000e\000a\000u\000\040\000d\000e\000\040\000n\000e\000u\000r\000o\000n\000e\000s\000\040\000\340\000\040\000c\000o\000n\000v\000o\000l\000u\000t\000i\000o\000n}{section.32}% 23
\BOOKMARK [3][-]{subsubsection.36}{\376\377\0002\000.\0004\000.\0002\000.\0001\000\040\000L\000a\000\040\000c\000o\000n\000v\000o\000l\000u\000t\000i\000o\000n}{subsection.34}% 24
\BOOKMARK [3][-]{subsubsection.38}{\376\377\0002\000.\0004\000.\0002\000.\0002\000\040\000L\000e\000\040\000p\000a\000d\000d\000i\000n\000g}{subsection.34}% 25
\BOOKMARK [3][-]{subsubsection.40}{\376\377\0002\000.\0004\000.\0002\000.\0003\000\040\000L\000e\000\040\000s\000o\000u\000s\000-\000\351\000c\000h\000a\000n\000t\000i\000l\000l\000o\000n\000n\000a\000g\000e}{subsection.34}% 26
\BOOKMARK [3][-]{subsubsection.42}{\376\377\0002\000.\0004\000.\0002\000.\0004\000\040\000N\000o\000r\000m\000a\000l\000i\000s\000a\000t\000i\000o\000n}{subsection.34}% 27
\BOOKMARK [3][-]{subsubsection.43}{\376\377\0002\000.\0004\000.\0002\000.\0005\000\040\000P\000e\000r\000c\000e\000p\000t\000r\000o\000n\000\040\000m\000u\000l\000t\000i\000c\000o\000u\000c\000h\000e\000\040\000e\000n\000t\000i\000\350\000r\000e\000m\000e\000n\000t\000\040\000c\000o\000n\000n\000e\000c\000t\000\351\000:}{subsection.34}% 28
\BOOKMARK [3][-]{subsubsection.44}{\376\377\0002\000.\0004\000.\0002\000.\0006\000\040\000D\000r\000o\000p\000o\000u\000t}{subsection.34}% 29
\BOOKMARK [2][-]{subsection.45}{\376\377\0002\000.\0004\000.\0003\000\040\000D\000e\000e\000p\000\040\000A\000u\000t\000o\000-\000e\000n\000c\000o\000d\000e\000r\000s}{section.32}% 30
\BOOKMARK [1][-]{section.48}{\376\377\0002\000.\0005\000\040\000L\000e\000s\000\040\000e\000x\000p\000l\000o\000i\000t\000s\000\040\000d\000e\000s\000\040\000t\000e\000c\000h\000n\000i\000q\000u\000e\000s\000\040\000d\000'\000a\000p\000p\000r\000e\000n\000t\000i\000s\000s\000a\000g\000e\000\040\000p\000r\000o\000f\000o\000n\000d\000\040\000[\000J\000i\000a\000\040\0001\0004\000]}{chapter.20}% 31
\BOOKMARK [0][-]{chapter.50}{\376\377\0003\000\040\000R\000e\000c\000h\000e\000r\000c\000h\000e\000\040\000s\000\351\000m\000a\000n\000t\000i\000q\000u\000e\000\040\000d\000'\000i\000m\000a\000g\000e\000s}{}% 32
\BOOKMARK [1][-]{section.51}{\376\377\0003\000.\0001\000\040\000I\000n\000t\000r\000o\000d\000u\000c\000t\000i\000o\000n}{chapter.50}% 33
\BOOKMARK [1][-]{section.52}{\376\377\0003\000.\0002\000\040\000R\000e\000c\000h\000e\000r\000c\000h\000e\000\040\000d\000'\000i\000m\000a\000g\000e\000\040\000p\000a\000r\000\040\000l\000e\000\040\000c\000o\000n\000t\000e\000n\000u\000\040\000b\000a\000s\000\351\000e\000\040\000e\000x\000e\000m\000p\000l\000e}{chapter.50}% 34
\BOOKMARK [1][-]{section.69}{\376\377\0003\000.\0003\000\040\000A\000r\000c\000h\000i\000t\000e\000c\000t\000u\000r\000e\000\040\000d\000u\000\040\000r\000\351\000s\000e\000a\000u\000\040\000\340\000\040\000c\000o\000n\000v\000o\000l\000u\000t\000i\000o\000n}{chapter.50}% 35
\BOOKMARK [1][-]{section.75}{\376\377\0003\000.\0004\000\040\000E\000n\000t\000r\000a\000\356\000n\000e\000m\000e\000n\000t\000\040\000d\000u\000\040\000r\000\351\000s\000e\000a\000u}{chapter.50}% 36
\BOOKMARK [1][-]{section.76}{\376\377\0003\000.\0005\000\040\000E\000x\000t\000r\000a\000c\000t\000i\000o\000n\000\040\000d\000e\000s\000\040\000c\000a\000r\000a\000c\000t\000\351\000r\000i\000s\000t\000i\000q\000u\000e\000s}{chapter.50}% 37
\BOOKMARK [2][-]{subsection.77}{\376\377\0003\000.\0005\000.\0001\000\040\0001\0000\0000\0000\000\040\000A\000\040\000R\000E\000F\000A\000I\000R\000E}{section.76}% 38
\BOOKMARK [2][-]{subsection.78}{\376\377\0003\000.\0005\000.\0002\000\040\0004\0000\0009\0006\000a\000\040\000A\000\040\000R\000E\000F\000A\000I\000R\000E}{section.76}% 39
\BOOKMARK [2][-]{subsection.79}{\376\377\0003\000.\0005\000.\0003\000\040\0004\0000\0009\0006\000b\000\040\000A\000\040\000R\000E\000F\000A\000I\000R\000E}{section.76}% 40
\BOOKMARK [1][-]{section.80}{\376\377\0003\000.\0006\000\040\000S\000u\000r\000\040\000q\000u\000o\000i\000\040\000s\000e\000\040\000b\000a\000s\000e\000\040\000n\000o\000t\000r\000e\000\040\000a\000p\000p\000r\000o\000c\000h\000e\000\040\000?}{chapter.50}% 41
\BOOKMARK [2][-]{subsection.84}{\376\377\0003\000.\0006\000.\0001\000\040\000A\000u\000t\000o\000e\000n\000c\000o\000d\000e\000r\000\040\0004\000x\0001\000x\0004\000\040\000A\000\040\000R\000E\000F\000A\000I\000R\000E}{section.80}% 42
\BOOKMARK [2][-]{subsection.86}{\376\377\0003\000.\0006\000.\0002\000\040\000A\000u\000t\000o\000e\000n\000c\000o\000d\000e\000r\000\040\0004\000x\0002\000x\0001\000x\0002\000x\0004\000\040\000A\000\040\000R\000E\000F\000A\000I\000R\000E}{section.80}% 43
\BOOKMARK [2][-]{subsection.88}{\376\377\0003\000.\0006\000.\0003\000\040\000D\000e\000n\000o\000i\000s\000i\000n\000g\000\040\000a\000u\000t\000o\000e\000n\000c\000o\000d\000e\000r\000\040\0004\000x\0001\000x\0004\000\040\000A\000\040\000R\000E\000F\000A\000I\000R\000E}{section.80}% 44
\BOOKMARK [2][-]{subsection.90}{\376\377\0003\000.\0006\000.\0004\000\040\000A\000u\000t\000o\000e\000n\000c\000o\000d\000e\000r\000\040\0004\000x\0001\000x\0004\000\040\000A\000\040\000R\000E\000F\000A\000I\000R\000E}{section.80}% 45
\BOOKMARK [1][-]{section.92}{\376\377\0003\000.\0007\000\040\000E\000X\000P\000L\000I\000C\000A\000T\000I\000O\000N\000\040\000A\000U\000T\000O\000E\000N\000C\000O\000D\000E\000R\000S\000:}{chapter.50}% 46
\BOOKMARK [1][-]{section.94}{\376\377\0003\000.\0008\000\040\000C\000o\000n\000c\000l\000u\000s\000i\000o\000n}{chapter.50}% 47
\BOOKMARK [0][-]{chapter.95}{\376\377\0004\000\040\000A\000p\000p\000l\000i\000c\000a\000t\000i\000o\000n}{}% 48
\BOOKMARK [1][-]{section.96}{\376\377\0004\000.\0001\000\040\000T\000e\000c\000h\000n\000o\000l\000o\000g\000i\000e\000\040\000u\000t\000i\000l\000i\000s\000e}{chapter.95}% 49
\BOOKMARK [2][-]{subsection.97}{\376\377\0004\000.\0001\000.\0001\000\040\000P\000o\000u\000r\000q\000u\000o\000i\000\040\000p\000y\000t\000h\000o\000n\000?}{section.96}% 50
\BOOKMARK [2][-]{subsection.98}{\376\377\0004\000.\0001\000.\0002\000\040\000T\000h\000e\000a\000n\000o\000:}{section.96}% 51
\BOOKMARK [2][-]{subsection.99}{\376\377\0004\000.\0001\000.\0003\000\040\000A\000u\000t\000r\000e\000:}{section.96}% 52
\BOOKMARK [1][-]{section.100}{\376\377\0004\000.\0002\000\040\000T\000e\000s\000t\000e\000s}{chapter.95}% 53
\BOOKMARK [2][-]{subsection.101}{\376\377\0004\000.\0002\000.\0001\000\040\000M\000e\000s\000u\000r\000e\000\040\000d\000e\000\040\000p\000e\000r\000f\000o\000r\000m\000a\000n\000c\000e}{section.100}% 54
\BOOKMARK [2][-]{subsection.102}{\376\377\0004\000.\0002\000.\0002\000\040\000P\000r\000e\000m\000i\000e\000r\000e\000\040\000e\000t\000a\000p\000e}{section.100}% 55
\BOOKMARK [2][-]{subsection.103}{\376\377\0004\000.\0002\000.\0003\000\040\000S\000e\000c\000o\000n\000d\000\040\000e\000t\000a\000p\000e}{section.100}% 56
\BOOKMARK [0][-]{chapter.105}{\376\377\0005\000\040\000I\000n\000t\000r\000o\000d\000u\000c\000t\000i\000o\000n\000\040\000/\000\040\000C\000o\000n\000c\000l\000u\000s\000i\000o\000n}{}% 57
\BOOKMARK [0][-]{chapter.105}{\376\377\000B\000i\000b\000l\000i\000o\000g\000r\000a\000p\000h\000i\000e\000\040}{}% 58
